2024-09-20 08:35:26.237 [http-nio-8080-exec-21] DEBUG net.maku.system.dao.SysUserTokenDao.selectList - ==>  Preparing: SELECT id,user_id,access_token,access_token_expire,refresh_token,refresh_token_expire,tenant_id,create_time FROM sys_user_token WHERE (refresh_token = ? AND refresh_token_expire >= ?)
2024-09-20 08:35:26.259 [http-nio-8080-exec-21] DEBUG net.maku.system.dao.SysUserTokenDao.selectList - ==> Parameters: 70b261ec0d5e42549dd0d615a41c91d9(String), 2024-09-20 08:35:26.188(Timestamp)
2024-09-20 08:35:26.334 [http-nio-8080-exec-21] DEBUG net.maku.system.dao.SysUserTokenDao.selectList - <==      Total: 1
2024-09-20 08:35:26.364 [http-nio-8080-exec-21] DEBUG net.maku.system.dao.SysUserTokenDao.updateById - ==>  Preparing: UPDATE sys_user_token SET user_id=?, access_token=?, access_token_expire=?, refresh_token=?, refresh_token_expire=?, create_time=? WHERE id=?
2024-09-20 08:35:26.365 [http-nio-8080-exec-21] DEBUG net.maku.system.dao.SysUserTokenDao.updateById - ==> Parameters: 10000(Long), 57961b0b61d14cca847fa5168f2ab064(String), 2024-09-20T10:35:26.349(LocalDateTime), 70b261ec0d5e42549dd0d615a41c91d9(String), 2024-10-02T08:51:17(LocalDateTime), 2024-07-26T11:23:07(LocalDateTime), 1(Long)
2024-09-20 08:35:26.439 [http-nio-8080-exec-21] DEBUG net.maku.system.dao.SysUserTokenDao.updateById - <==    Updates: 1
2024-09-20 08:35:26.441 [http-nio-8080-exec-21] DEBUG net.maku.system.dao.SysUserDao.selectById - ==>  Preparing: SELECT id,username,password,real_name,avatar,gender,email,mobile,org_id,super_admin,status,tenant_id,creator,create_time,updater,update_time,version,deleted FROM sys_user WHERE id=? AND deleted=0
2024-09-20 08:35:26.441 [http-nio-8080-exec-21] DEBUG net.maku.system.dao.SysUserDao.selectById - ==> Parameters: 10000(Long)
2024-09-20 08:35:26.457 [http-nio-8080-exec-21] DEBUG net.maku.system.dao.SysUserDao.selectById - <==      Total: 1
2024-09-20 08:35:26.458 [http-nio-8080-exec-21] DEBUG n.maku.system.dao.SysRoleDao.getDataScopeByUserId - ==>  Preparing: select min(t1.data_scope) from sys_role t1, sys_user_role t2 where t1.id = t2.role_id and t2.user_id = ? and t1.deleted = 0 and t2.deleted = 0
2024-09-20 08:35:26.458 [http-nio-8080-exec-21] DEBUG n.maku.system.dao.SysRoleDao.getDataScopeByUserId - ==> Parameters: 10000(Long)
2024-09-20 08:35:26.468 [http-nio-8080-exec-21] DEBUG n.maku.system.dao.SysRoleDao.getDataScopeByUserId - <==      Total: 1
2024-09-20 08:35:26.469 [http-nio-8080-exec-21] DEBUG net.maku.system.dao.SysMenuDao.getAuthorityList - ==>  Preparing: select authority from sys_menu where deleted = 0
2024-09-20 08:35:26.470 [http-nio-8080-exec-21] DEBUG net.maku.system.dao.SysMenuDao.getAuthorityList - ==> Parameters: 
2024-09-20 08:35:26.472 [http-nio-8080-exec-21] DEBUG net.maku.system.dao.SysMenuDao.getAuthorityList - <==      Total: 74
2024-09-20 08:35:26.475 [http-nio-8080-exec-21] DEBUG net.maku.system.dao.SysRoleDao.geRoleCodeByUserId - ==>  Preparing: select t1.role_code from sys_role t1, sys_user_role t2 where t1.id = t2.role_id and t2.user_id = ? and t1.deleted = 0 and t2.deleted = 0
2024-09-20 08:35:26.475 [http-nio-8080-exec-21] DEBUG net.maku.system.dao.SysRoleDao.geRoleCodeByUserId - ==> Parameters: 10000(Long)
2024-09-20 08:35:26.479 [http-nio-8080-exec-21] DEBUG net.maku.system.dao.SysRoleDao.geRoleCodeByUserId - <==      Total: 0
2024-09-20 08:35:26.942 [http-nio-8080-exec-22] DEBUG net.maku.system.dao.SysUserPostDao.getPostIdList - ==>  Preparing: select post_id from sys_user_post where user_id = ? and deleted = 0
2024-09-20 08:35:26.942 [http-nio-8080-exec-22] DEBUG net.maku.system.dao.SysUserPostDao.getPostIdList - ==> Parameters: 10000(Long)
2024-09-20 08:35:26.945 [http-nio-8080-exec-22] DEBUG net.maku.system.dao.SysUserPostDao.getPostIdList - <==      Total: 0
2024-09-20 08:35:26.987 [http-nio-8080-exec-25] DEBUG net.maku.system.dao.SysMenuDao.getAuthorityList - ==>  Preparing: select authority from sys_menu where deleted = 0
2024-09-20 08:35:26.987 [http-nio-8080-exec-25] DEBUG net.maku.system.dao.SysMenuDao.getAuthorityList - ==> Parameters: 
2024-09-20 08:35:26.988 [http-nio-8080-exec-25] DEBUG net.maku.system.dao.SysMenuDao.getAuthorityList - <==      Total: 74
2024-09-20 08:35:27.009 [http-nio-8080-exec-29] DEBUG net.maku.system.dao.SysDictTypeDao.selectList - ==>  Preparing: SELECT id,dict_type,dict_name,remark,sort,dict_source,dict_sql,pid,has_child,tenant_id,creator,create_time,updater,update_time,version,deleted FROM sys_dict_type WHERE deleted=0
2024-09-20 08:35:27.009 [http-nio-8080-exec-29] DEBUG net.maku.system.dao.SysDictTypeDao.selectList - ==> Parameters: 
2024-09-20 08:35:27.025 [http-nio-8080-exec-29] DEBUG net.maku.system.dao.SysDictTypeDao.selectList - <==      Total: 19
2024-09-20 08:35:27.029 [http-nio-8080-exec-29] DEBUG net.maku.system.dao.SysDictDataDao.selectList - ==>  Preparing: SELECT id,dict_type_id,dict_label,dict_value,label_class,remark,sort,tenant_id,creator,create_time,updater,update_time,version,deleted FROM sys_dict_data WHERE deleted=0 ORDER BY sort ASC
2024-09-20 08:35:27.029 [http-nio-8080-exec-29] DEBUG net.maku.system.dao.SysDictDataDao.selectList - ==> Parameters: 
2024-09-20 08:35:27.037 [http-nio-8080-exec-29] DEBUG net.maku.system.dao.SysDictDataDao.selectList - <==      Total: 63
2024-09-20 08:35:27.049 [http-nio-8080-exec-28] DEBUG net.maku.system.dao.SysMenuDao.getMenuList - ==>  Preparing: select * from sys_menu where deleted = 0 and type = ? order by sort asc
2024-09-20 08:35:27.050 [http-nio-8080-exec-28] DEBUG net.maku.system.dao.SysMenuDao.getMenuList - ==> Parameters: 0(Integer)
2024-09-20 08:35:27.057 [http-nio-8080-exec-28] DEBUG net.maku.system.dao.SysMenuDao.getMenuList - <==      Total: 28
2024-09-20 08:35:27.351 [http-nio-8080-exec-27] DEBUG net.maku.system.dao.SysOrgDao.getList - ==>  Preparing: select t1.*, (select t2.name from sys_org t2 where t2.id = t1.pid) parentName from sys_org t1 where t1.deleted = 0 order by t1.sort asc
2024-09-20 08:35:27.351 [http-nio-8080-exec-27] DEBUG net.maku.system.dao.SysOrgDao.getList - ==> Parameters: 
2024-09-20 08:35:27.366 [http-nio-8080-exec-27] DEBUG net.maku.system.dao.SysOrgDao.getList - <==      Total: 1
2024-09-20 14:26:00.637 [http-nio-8080-exec-5] DEBUG net.maku.system.dao.SysUserTokenDao.selectList - ==>  Preparing: SELECT id,user_id,access_token,access_token_expire,refresh_token,refresh_token_expire,tenant_id,create_time FROM sys_user_token WHERE (refresh_token = ? AND refresh_token_expire >= ?)
2024-09-20 14:26:00.652 [http-nio-8080-exec-5] DEBUG net.maku.system.dao.SysUserTokenDao.selectList - ==> Parameters: 70b261ec0d5e42549dd0d615a41c91d9(String), 2024-09-20 14:26:00.534(Timestamp)
2024-09-20 14:26:00.800 [http-nio-8080-exec-5] DEBUG net.maku.system.dao.SysUserTokenDao.selectList - <==      Total: 1
2024-09-20 14:26:00.806 [http-nio-8080-exec-5] DEBUG net.maku.system.dao.SysUserTokenDao.updateById - ==>  Preparing: UPDATE sys_user_token SET user_id=?, access_token=?, access_token_expire=?, refresh_token=?, refresh_token_expire=?, create_time=? WHERE id=?
2024-09-20 14:26:00.808 [http-nio-8080-exec-5] DEBUG net.maku.system.dao.SysUserTokenDao.updateById - ==> Parameters: 10000(Long), 64cf6ef0af3f4c439348a4561c30ccb5(String), 2024-09-20T16:26:00.801(LocalDateTime), 70b261ec0d5e42549dd0d615a41c91d9(String), 2024-10-02T08:51:17(LocalDateTime), 2024-07-26T11:23:07(LocalDateTime), 1(Long)
2024-09-20 14:26:00.859 [http-nio-8080-exec-5] DEBUG net.maku.system.dao.SysUserTokenDao.updateById - <==    Updates: 1
2024-09-20 14:26:00.860 [http-nio-8080-exec-5] DEBUG net.maku.system.dao.SysUserDao.selectById - ==>  Preparing: SELECT id,username,password,real_name,avatar,gender,email,mobile,org_id,super_admin,status,tenant_id,creator,create_time,updater,update_time,version,deleted FROM sys_user WHERE id=? AND deleted=0
2024-09-20 14:26:00.860 [http-nio-8080-exec-5] DEBUG net.maku.system.dao.SysUserDao.selectById - ==> Parameters: 10000(Long)
2024-09-20 14:26:00.873 [http-nio-8080-exec-5] DEBUG net.maku.system.dao.SysUserDao.selectById - <==      Total: 1
2024-09-20 14:26:00.874 [http-nio-8080-exec-5] DEBUG n.maku.system.dao.SysRoleDao.getDataScopeByUserId - ==>  Preparing: select min(t1.data_scope) from sys_role t1, sys_user_role t2 where t1.id = t2.role_id and t2.user_id = ? and t1.deleted = 0 and t2.deleted = 0
2024-09-20 14:26:00.879 [http-nio-8080-exec-5] DEBUG n.maku.system.dao.SysRoleDao.getDataScopeByUserId - ==> Parameters: 10000(Long)
2024-09-20 14:26:00.924 [http-nio-8080-exec-5] DEBUG n.maku.system.dao.SysRoleDao.getDataScopeByUserId - <==      Total: 1
2024-09-20 14:26:00.924 [http-nio-8080-exec-5] DEBUG net.maku.system.dao.SysMenuDao.getAuthorityList - ==>  Preparing: select authority from sys_menu where deleted = 0
2024-09-20 14:26:00.924 [http-nio-8080-exec-5] DEBUG net.maku.system.dao.SysMenuDao.getAuthorityList - ==> Parameters: 
2024-09-20 14:26:00.926 [http-nio-8080-exec-5] DEBUG net.maku.system.dao.SysMenuDao.getAuthorityList - <==      Total: 74
2024-09-20 14:26:00.926 [http-nio-8080-exec-5] DEBUG net.maku.system.dao.SysRoleDao.geRoleCodeByUserId - ==>  Preparing: select t1.role_code from sys_role t1, sys_user_role t2 where t1.id = t2.role_id and t2.user_id = ? and t1.deleted = 0 and t2.deleted = 0
2024-09-20 14:26:00.926 [http-nio-8080-exec-5] DEBUG net.maku.system.dao.SysRoleDao.geRoleCodeByUserId - ==> Parameters: 10000(Long)
2024-09-20 14:26:00.932 [http-nio-8080-exec-5] DEBUG net.maku.system.dao.SysRoleDao.geRoleCodeByUserId - <==      Total: 0
2024-09-20 14:26:00.953 [http-nio-8080-exec-7] DEBUG net.maku.system.dao.SysUserPostDao.getPostIdList - ==>  Preparing: select post_id from sys_user_post where user_id = ? and deleted = 0
2024-09-20 14:26:00.953 [http-nio-8080-exec-7] DEBUG net.maku.system.dao.SysUserPostDao.getPostIdList - ==> Parameters: 10000(Long)
2024-09-20 14:26:00.962 [http-nio-8080-exec-7] DEBUG net.maku.system.dao.SysUserPostDao.getPostIdList - <==      Total: 0
2024-09-20 14:26:01.007 [http-nio-8080-exec-9] DEBUG net.maku.system.dao.SysMenuDao.getAuthorityList - ==>  Preparing: select authority from sys_menu where deleted = 0
2024-09-20 14:26:01.007 [http-nio-8080-exec-9] DEBUG net.maku.system.dao.SysMenuDao.getAuthorityList - ==> Parameters: 
2024-09-20 14:26:01.008 [http-nio-8080-exec-9] DEBUG net.maku.system.dao.SysMenuDao.getAuthorityList - <==      Total: 74
2024-09-20 14:26:01.017 [http-nio-8080-exec-11] DEBUG net.maku.system.dao.SysDictTypeDao.selectList - ==>  Preparing: SELECT id,dict_type,dict_name,remark,sort,dict_source,dict_sql,pid,has_child,tenant_id,creator,create_time,updater,update_time,version,deleted FROM sys_dict_type WHERE deleted=0
2024-09-20 14:26:01.018 [http-nio-8080-exec-11] DEBUG net.maku.system.dao.SysDictTypeDao.selectList - ==> Parameters: 
2024-09-20 14:26:01.020 [http-nio-8080-exec-11] DEBUG net.maku.system.dao.SysDictTypeDao.selectList - <==      Total: 19
2024-09-20 14:26:01.021 [http-nio-8080-exec-11] DEBUG net.maku.system.dao.SysDictDataDao.selectList - ==>  Preparing: SELECT id,dict_type_id,dict_label,dict_value,label_class,remark,sort,tenant_id,creator,create_time,updater,update_time,version,deleted FROM sys_dict_data WHERE deleted=0 ORDER BY sort ASC
2024-09-20 14:26:01.021 [http-nio-8080-exec-11] DEBUG net.maku.system.dao.SysDictDataDao.selectList - ==> Parameters: 
2024-09-20 14:26:01.023 [http-nio-8080-exec-11] DEBUG net.maku.system.dao.SysDictDataDao.selectList - <==      Total: 63
2024-09-20 14:26:01.035 [http-nio-8080-exec-8] DEBUG net.maku.system.dao.SysMenuDao.getMenuList - ==>  Preparing: select * from sys_menu where deleted = 0 and type = ? order by sort asc
2024-09-20 14:26:01.036 [http-nio-8080-exec-8] DEBUG net.maku.system.dao.SysMenuDao.getMenuList - ==> Parameters: 0(Integer)
2024-09-20 14:26:01.038 [http-nio-8080-exec-8] DEBUG net.maku.system.dao.SysMenuDao.getMenuList - <==      Total: 28
2024-09-20 14:26:01.366 [http-nio-8080-exec-15] DEBUG net.maku.system.dao.SysOrgDao.getList - ==>  Preparing: select t1.*, (select t2.name from sys_org t2 where t2.id = t1.pid) parentName from sys_org t1 where t1.deleted = 0 order by t1.sort asc
2024-09-20 14:26:01.366 [http-nio-8080-exec-15] DEBUG net.maku.system.dao.SysOrgDao.getList - ==> Parameters: 
2024-09-20 14:26:01.418 [http-nio-8080-exec-15] DEBUG net.maku.system.dao.SysOrgDao.getList - <==      Total: 1
2024-09-20 14:26:07.442 [http-nio-8080-exec-17] DEBUG net.maku.system.dao.SysUserPostDao.getPostIdList - ==>  Preparing: select post_id from sys_user_post where user_id = ? and deleted = 0
2024-09-20 14:26:07.442 [http-nio-8080-exec-17] DEBUG net.maku.system.dao.SysUserPostDao.getPostIdList - ==> Parameters: 10000(Long)
2024-09-20 14:26:07.443 [http-nio-8080-exec-17] DEBUG net.maku.system.dao.SysUserPostDao.getPostIdList - <==      Total: 0
2024-09-20 14:26:07.709 [http-nio-8080-exec-19] DEBUG net.maku.system.dao.SysMenuDao.getAuthorityList - ==>  Preparing: select authority from sys_menu where deleted = 0
2024-09-20 14:26:07.709 [http-nio-8080-exec-19] DEBUG net.maku.system.dao.SysMenuDao.getAuthorityList - ==> Parameters: 
2024-09-20 14:26:07.710 [http-nio-8080-exec-19] DEBUG net.maku.system.dao.SysMenuDao.getAuthorityList - <==      Total: 74
2024-09-20 14:26:07.739 [http-nio-8080-exec-21] DEBUG net.maku.system.dao.SysDictTypeDao.selectList - ==>  Preparing: SELECT id,dict_type,dict_name,remark,sort,dict_source,dict_sql,pid,has_child,tenant_id,creator,create_time,updater,update_time,version,deleted FROM sys_dict_type WHERE deleted=0
2024-09-20 14:26:07.740 [http-nio-8080-exec-21] DEBUG net.maku.system.dao.SysDictTypeDao.selectList - ==> Parameters: 
2024-09-20 14:26:07.742 [http-nio-8080-exec-21] DEBUG net.maku.system.dao.SysDictTypeDao.selectList - <==      Total: 19
2024-09-20 14:26:07.744 [http-nio-8080-exec-21] DEBUG net.maku.system.dao.SysDictDataDao.selectList - ==>  Preparing: SELECT id,dict_type_id,dict_label,dict_value,label_class,remark,sort,tenant_id,creator,create_time,updater,update_time,version,deleted FROM sys_dict_data WHERE deleted=0 ORDER BY sort ASC
2024-09-20 14:26:07.744 [http-nio-8080-exec-21] DEBUG net.maku.system.dao.SysDictDataDao.selectList - ==> Parameters: 
2024-09-20 14:26:07.748 [http-nio-8080-exec-21] DEBUG net.maku.system.dao.SysDictDataDao.selectList - <==      Total: 63
2024-09-20 14:26:07.778 [http-nio-8080-exec-23] DEBUG net.maku.system.dao.SysMenuDao.getMenuList - ==>  Preparing: select * from sys_menu where deleted = 0 and type = ? order by sort asc
2024-09-20 14:26:07.778 [http-nio-8080-exec-23] DEBUG net.maku.system.dao.SysMenuDao.getMenuList - ==> Parameters: 0(Integer)
2024-09-20 14:26:07.782 [http-nio-8080-exec-23] DEBUG net.maku.system.dao.SysMenuDao.getMenuList - <==      Total: 28
2024-09-20 17:04:07.118 [http-nio-8080-exec-28] DEBUG net.maku.system.dao.SysUserTokenDao.selectList - ==>  Preparing: SELECT id,user_id,access_token,access_token_expire,refresh_token,refresh_token_expire,tenant_id,create_time FROM sys_user_token WHERE (refresh_token = ? AND refresh_token_expire >= ?)
2024-09-20 17:04:07.172 [http-nio-8080-exec-28] DEBUG net.maku.system.dao.SysUserTokenDao.selectList - ==> Parameters: 70b261ec0d5e42549dd0d615a41c91d9(String), 2024-09-20 17:04:07.104(Timestamp)
2024-09-20 17:04:07.179 [http-nio-8080-exec-28] DEBUG net.maku.system.dao.SysUserTokenDao.selectList - <==      Total: 1
2024-09-20 17:04:07.188 [http-nio-8080-exec-28] DEBUG net.maku.system.dao.SysUserTokenDao.updateById - ==>  Preparing: UPDATE sys_user_token SET user_id=?, access_token=?, access_token_expire=?, refresh_token=?, refresh_token_expire=?, create_time=? WHERE id=?
2024-09-20 17:04:07.189 [http-nio-8080-exec-28] DEBUG net.maku.system.dao.SysUserTokenDao.updateById - ==> Parameters: 10000(Long), 15e117916fbf49d6a6b2642b33d30f41(String), 2024-09-20T19:04:07.180(LocalDateTime), 70b261ec0d5e42549dd0d615a41c91d9(String), 2024-10-02T08:51:17(LocalDateTime), 2024-07-26T11:23:07(LocalDateTime), 1(Long)
2024-09-20 17:04:07.219 [http-nio-8080-exec-28] DEBUG net.maku.system.dao.SysUserTokenDao.updateById - <==    Updates: 1
2024-09-20 17:04:07.220 [http-nio-8080-exec-28] DEBUG net.maku.system.dao.SysUserDao.selectById - ==>  Preparing: SELECT id,username,password,real_name,avatar,gender,email,mobile,org_id,super_admin,status,tenant_id,creator,create_time,updater,update_time,version,deleted FROM sys_user WHERE id=? AND deleted=0
2024-09-20 17:04:07.220 [http-nio-8080-exec-28] DEBUG net.maku.system.dao.SysUserDao.selectById - ==> Parameters: 10000(Long)
2024-09-20 17:04:07.222 [http-nio-8080-exec-28] DEBUG net.maku.system.dao.SysUserDao.selectById - <==      Total: 1
2024-09-20 17:04:07.223 [http-nio-8080-exec-28] DEBUG n.maku.system.dao.SysRoleDao.getDataScopeByUserId - ==>  Preparing: select min(t1.data_scope) from sys_role t1, sys_user_role t2 where t1.id = t2.role_id and t2.user_id = ? and t1.deleted = 0 and t2.deleted = 0
2024-09-20 17:04:07.224 [http-nio-8080-exec-28] DEBUG n.maku.system.dao.SysRoleDao.getDataScopeByUserId - ==> Parameters: 10000(Long)
2024-09-20 17:04:07.226 [http-nio-8080-exec-28] DEBUG n.maku.system.dao.SysRoleDao.getDataScopeByUserId - <==      Total: 1
2024-09-20 17:04:07.226 [http-nio-8080-exec-28] DEBUG net.maku.system.dao.SysMenuDao.getAuthorityList - ==>  Preparing: select authority from sys_menu where deleted = 0
2024-09-20 17:04:07.227 [http-nio-8080-exec-28] DEBUG net.maku.system.dao.SysMenuDao.getAuthorityList - ==> Parameters: 
2024-09-20 17:04:07.228 [http-nio-8080-exec-28] DEBUG net.maku.system.dao.SysMenuDao.getAuthorityList - <==      Total: 74
2024-09-20 17:04:07.228 [http-nio-8080-exec-28] DEBUG net.maku.system.dao.SysRoleDao.geRoleCodeByUserId - ==>  Preparing: select t1.role_code from sys_role t1, sys_user_role t2 where t1.id = t2.role_id and t2.user_id = ? and t1.deleted = 0 and t2.deleted = 0
2024-09-20 17:04:07.228 [http-nio-8080-exec-28] DEBUG net.maku.system.dao.SysRoleDao.geRoleCodeByUserId - ==> Parameters: 10000(Long)
2024-09-20 17:04:07.229 [http-nio-8080-exec-28] DEBUG net.maku.system.dao.SysRoleDao.geRoleCodeByUserId - <==      Total: 0
2024-09-20 17:04:07.253 [http-nio-8080-exec-27] DEBUG net.maku.system.dao.SysOrgDao.getList - ==>  Preparing: select t1.*, (select t2.name from sys_org t2 where t2.id = t1.pid) parentName from sys_org t1 where t1.deleted = 0 order by t1.sort asc
2024-09-20 17:04:07.253 [http-nio-8080-exec-27] DEBUG net.maku.system.dao.SysOrgDao.getList - ==> Parameters: 
2024-09-20 17:04:07.255 [http-nio-8080-exec-27] DEBUG net.maku.system.dao.SysOrgDao.getList - <==      Total: 1
2024-09-20 17:04:41.268 [http-nio-8080-exec-2] DEBUG net.maku.system.dao.SysOrgDao.getList - ==>  Preparing: select t1.*, (select t2.name from sys_org t2 where t2.id = t1.pid) parentName from sys_org t1 where t1.deleted = 0 order by t1.sort asc
2024-09-20 17:04:41.268 [http-nio-8080-exec-2] DEBUG net.maku.system.dao.SysOrgDao.getList - ==> Parameters: 
2024-09-20 17:04:41.269 [http-nio-8080-exec-2] DEBUG net.maku.system.dao.SysOrgDao.getList - <==      Total: 1
2024-09-20 17:04:52.583 [http-nio-8080-exec-4] DEBUG net.maku.system.dao.SysUserPostDao.getPostIdList - ==>  Preparing: select post_id from sys_user_post where user_id = ? and deleted = 0
2024-09-20 17:04:52.584 [http-nio-8080-exec-4] DEBUG net.maku.system.dao.SysUserPostDao.getPostIdList - ==> Parameters: 10000(Long)
2024-09-20 17:04:52.585 [http-nio-8080-exec-4] DEBUG net.maku.system.dao.SysUserPostDao.getPostIdList - <==      Total: 0
2024-09-20 17:04:52.783 [http-nio-8080-exec-6] DEBUG net.maku.system.dao.SysMenuDao.getAuthorityList - ==>  Preparing: select authority from sys_menu where deleted = 0
2024-09-20 17:04:52.783 [http-nio-8080-exec-6] DEBUG net.maku.system.dao.SysMenuDao.getAuthorityList - ==> Parameters: 
2024-09-20 17:04:52.784 [http-nio-8080-exec-6] DEBUG net.maku.system.dao.SysMenuDao.getAuthorityList - <==      Total: 74
2024-09-20 17:04:52.821 [http-nio-8080-exec-12] DEBUG net.maku.system.dao.SysDictTypeDao.selectList - ==>  Preparing: SELECT id,dict_type,dict_name,remark,sort,dict_source,dict_sql,pid,has_child,tenant_id,creator,create_time,updater,update_time,version,deleted FROM sys_dict_type WHERE deleted=0
2024-09-20 17:04:52.822 [http-nio-8080-exec-12] DEBUG net.maku.system.dao.SysDictTypeDao.selectList - ==> Parameters: 
2024-09-20 17:04:52.826 [http-nio-8080-exec-12] DEBUG net.maku.system.dao.SysDictTypeDao.selectList - <==      Total: 19
2024-09-20 17:04:52.835 [http-nio-8080-exec-12] DEBUG net.maku.system.dao.SysDictDataDao.selectList - ==>  Preparing: SELECT id,dict_type_id,dict_label,dict_value,label_class,remark,sort,tenant_id,creator,create_time,updater,update_time,version,deleted FROM sys_dict_data WHERE deleted=0 ORDER BY sort ASC
2024-09-20 17:04:52.836 [http-nio-8080-exec-12] DEBUG net.maku.system.dao.SysDictDataDao.selectList - ==> Parameters: 
2024-09-20 17:04:52.843 [http-nio-8080-exec-12] DEBUG net.maku.system.dao.SysDictDataDao.selectList - <==      Total: 63
2024-09-20 17:04:52.877 [http-nio-8080-exec-10] DEBUG net.maku.system.dao.SysMenuDao.getMenuList - ==>  Preparing: select * from sys_menu where deleted = 0 and type = ? order by sort asc
2024-09-20 17:04:52.878 [http-nio-8080-exec-10] DEBUG net.maku.system.dao.SysMenuDao.getMenuList - ==> Parameters: 0(Integer)
2024-09-20 17:04:52.881 [http-nio-8080-exec-10] DEBUG net.maku.system.dao.SysMenuDao.getMenuList - <==      Total: 28
2024-09-20 17:04:53.321 [http-nio-8080-exec-13] DEBUG net.maku.system.dao.SysOrgDao.getList - ==>  Preparing: select t1.*, (select t2.name from sys_org t2 where t2.id = t1.pid) parentName from sys_org t1 where t1.deleted = 0 order by t1.sort asc
2024-09-20 17:04:53.322 [http-nio-8080-exec-13] DEBUG net.maku.system.dao.SysOrgDao.getList - ==> Parameters: 
2024-09-20 17:04:53.323 [http-nio-8080-exec-13] DEBUG net.maku.system.dao.SysOrgDao.getList - <==      Total: 1
2024-09-20 17:04:56.579 [http-nio-8080-exec-14] DEBUG net.maku.system.dao.SysOrgDao.getList - ==>  Preparing: select t1.*, (select t2.name from sys_org t2 where t2.id = t1.pid) parentName from sys_org t1 where t1.deleted = 0 order by t1.sort asc
2024-09-20 17:04:56.580 [http-nio-8080-exec-14] DEBUG net.maku.system.dao.SysOrgDao.getList - ==> Parameters: 
2024-09-20 17:04:56.581 [http-nio-8080-exec-14] DEBUG net.maku.system.dao.SysOrgDao.getList - <==      Total: 1
2024-09-20 17:05:12.267 [http-nio-8080-exec-16] DEBUG net.maku.system.dao.SysUserPostDao.getPostIdList - ==>  Preparing: select post_id from sys_user_post where user_id = ? and deleted = 0
2024-09-20 17:05:12.267 [http-nio-8080-exec-16] DEBUG net.maku.system.dao.SysUserPostDao.getPostIdList - ==> Parameters: 10000(Long)
2024-09-20 17:05:12.268 [http-nio-8080-exec-16] DEBUG net.maku.system.dao.SysUserPostDao.getPostIdList - <==      Total: 0
2024-09-20 17:05:12.436 [http-nio-8080-exec-18] DEBUG net.maku.system.dao.SysMenuDao.getAuthorityList - ==>  Preparing: select authority from sys_menu where deleted = 0
2024-09-20 17:05:12.436 [http-nio-8080-exec-18] DEBUG net.maku.system.dao.SysMenuDao.getAuthorityList - ==> Parameters: 
2024-09-20 17:05:12.437 [http-nio-8080-exec-18] DEBUG net.maku.system.dao.SysMenuDao.getAuthorityList - <==      Total: 74
2024-09-20 17:05:12.460 [http-nio-8080-exec-20] DEBUG net.maku.system.dao.SysDictTypeDao.selectList - ==>  Preparing: SELECT id,dict_type,dict_name,remark,sort,dict_source,dict_sql,pid,has_child,tenant_id,creator,create_time,updater,update_time,version,deleted FROM sys_dict_type WHERE deleted=0
2024-09-20 17:05:12.460 [http-nio-8080-exec-20] DEBUG net.maku.system.dao.SysDictTypeDao.selectList - ==> Parameters: 
2024-09-20 17:05:12.461 [http-nio-8080-exec-20] DEBUG net.maku.system.dao.SysDictTypeDao.selectList - <==      Total: 19
2024-09-20 17:05:12.463 [http-nio-8080-exec-20] DEBUG net.maku.system.dao.SysDictDataDao.selectList - ==>  Preparing: SELECT id,dict_type_id,dict_label,dict_value,label_class,remark,sort,tenant_id,creator,create_time,updater,update_time,version,deleted FROM sys_dict_data WHERE deleted=0 ORDER BY sort ASC
2024-09-20 17:05:12.463 [http-nio-8080-exec-20] DEBUG net.maku.system.dao.SysDictDataDao.selectList - ==> Parameters: 
2024-09-20 17:05:12.468 [http-nio-8080-exec-20] DEBUG net.maku.system.dao.SysDictDataDao.selectList - <==      Total: 63
2024-09-20 17:05:12.545 [http-nio-8080-exec-22] DEBUG net.maku.system.dao.SysMenuDao.getMenuList - ==>  Preparing: select * from sys_menu where deleted = 0 and type = ? order by sort asc
2024-09-20 17:05:12.545 [http-nio-8080-exec-22] DEBUG net.maku.system.dao.SysMenuDao.getMenuList - ==> Parameters: 0(Integer)
2024-09-20 17:05:12.546 [http-nio-8080-exec-22] DEBUG net.maku.system.dao.SysMenuDao.getMenuList - <==      Total: 28
2024-09-20 17:05:12.817 [http-nio-8080-exec-25] DEBUG net.maku.system.dao.SysOrgDao.getList - ==>  Preparing: select t1.*, (select t2.name from sys_org t2 where t2.id = t1.pid) parentName from sys_org t1 where t1.deleted = 0 order by t1.sort asc
2024-09-20 17:05:12.817 [http-nio-8080-exec-25] DEBUG net.maku.system.dao.SysOrgDao.getList - ==> Parameters: 
2024-09-20 17:05:12.818 [http-nio-8080-exec-25] DEBUG net.maku.system.dao.SysOrgDao.getList - <==      Total: 1
2024-09-20 17:05:17.628 [http-nio-8080-exec-29] DEBUG net.maku.system.dao.SysOrgDao.getList - ==>  Preparing: select t1.*, (select t2.name from sys_org t2 where t2.id = t1.pid) parentName from sys_org t1 where t1.deleted = 0 order by t1.sort asc
2024-09-20 17:05:17.628 [http-nio-8080-exec-29] DEBUG net.maku.system.dao.SysOrgDao.getList - ==> Parameters: 
2024-09-20 17:05:17.629 [http-nio-8080-exec-29] DEBUG net.maku.system.dao.SysOrgDao.getList - <==      Total: 1
