2024-08-23 15:39:30.093 [MakuScheduler_Worker-11] ERROR net.maku.quartz.utils.AbstractScheduleJob - 任务执行失败，任务ID：3
java.lang.NoSuchMethodException: net.maku.quartz.task.TestTask.run1(java.lang.String)
	at java.base/java.lang.Class.getDeclaredMethod(Class.java:2675)
	at net.maku.quartz.utils.AbstractScheduleJob.doExecute(AbstractScheduleJob.java:45)
	at net.maku.quartz.utils.AbstractScheduleJob.execute(AbstractScheduleJob.java:30)
	at org.quartz.core.JobRunShell.run(JobRunShell.java:202)
	at org.quartz.simpl.SimpleThreadPool$WorkerThread.run(SimpleThreadPool.java:573)
2024-08-23 15:40:30.068 [MakuScheduler_Worker-12] ERROR net.maku.quartz.utils.AbstractScheduleJob - 任务执行失败，任务ID：3
java.lang.NoSuchMethodException: net.maku.quartz.task.TestTask.run1(java.lang.String)
	at java.base/java.lang.Class.getDeclaredMethod(Class.java:2675)
	at net.maku.quartz.utils.AbstractScheduleJob.doExecute(AbstractScheduleJob.java:45)
	at net.maku.quartz.utils.AbstractScheduleJob.execute(AbstractScheduleJob.java:30)
	at org.quartz.core.JobRunShell.run(JobRunShell.java:202)
	at org.quartz.simpl.SimpleThreadPool$WorkerThread.run(SimpleThreadPool.java:573)
2024-08-23 15:41:30.040 [MakuScheduler_Worker-13] ERROR net.maku.quartz.utils.AbstractScheduleJob - 任务执行失败，任务ID：3
java.lang.NoSuchMethodException: net.maku.quartz.task.TestTask.run1(java.lang.String)
	at java.base/java.lang.Class.getDeclaredMethod(Class.java:2675)
	at net.maku.quartz.utils.AbstractScheduleJob.doExecute(AbstractScheduleJob.java:45)
	at net.maku.quartz.utils.AbstractScheduleJob.execute(AbstractScheduleJob.java:30)
	at org.quartz.core.JobRunShell.run(JobRunShell.java:202)
	at org.quartz.simpl.SimpleThreadPool$WorkerThread.run(SimpleThreadPool.java:573)
2024-08-23 15:42:30.053 [MakuScheduler_Worker-14] ERROR net.maku.quartz.utils.AbstractScheduleJob - 任务执行失败，任务ID：3
java.lang.NoSuchMethodException: net.maku.quartz.task.TestTask.run1(java.lang.String)
	at java.base/java.lang.Class.getDeclaredMethod(Class.java:2675)
	at net.maku.quartz.utils.AbstractScheduleJob.doExecute(AbstractScheduleJob.java:45)
	at net.maku.quartz.utils.AbstractScheduleJob.execute(AbstractScheduleJob.java:30)
	at org.quartz.core.JobRunShell.run(JobRunShell.java:202)
	at org.quartz.simpl.SimpleThreadPool$WorkerThread.run(SimpleThreadPool.java:573)
2024-08-23 15:43:30.058 [MakuScheduler_Worker-15] ERROR net.maku.quartz.utils.AbstractScheduleJob - 任务执行失败，任务ID：3
java.lang.NoSuchMethodException: net.maku.quartz.task.TestTask.run1(java.lang.String)
	at java.base/java.lang.Class.getDeclaredMethod(Class.java:2675)
	at net.maku.quartz.utils.AbstractScheduleJob.doExecute(AbstractScheduleJob.java:45)
	at net.maku.quartz.utils.AbstractScheduleJob.execute(AbstractScheduleJob.java:30)
	at org.quartz.core.JobRunShell.run(JobRunShell.java:202)
	at org.quartz.simpl.SimpleThreadPool$WorkerThread.run(SimpleThreadPool.java:573)
2024-08-23 15:44:30.059 [MakuScheduler_Worker-16] ERROR net.maku.quartz.utils.AbstractScheduleJob - 任务执行失败，任务ID：3
java.lang.NoSuchMethodException: net.maku.quartz.task.TestTask.run1(java.lang.String)
	at java.base/java.lang.Class.getDeclaredMethod(Class.java:2675)
	at net.maku.quartz.utils.AbstractScheduleJob.doExecute(AbstractScheduleJob.java:45)
	at net.maku.quartz.utils.AbstractScheduleJob.execute(AbstractScheduleJob.java:30)
	at org.quartz.core.JobRunShell.run(JobRunShell.java:202)
	at org.quartz.simpl.SimpleThreadPool$WorkerThread.run(SimpleThreadPool.java:573)
2024-08-23 15:45:30.034 [MakuScheduler_Worker-17] ERROR net.maku.quartz.utils.AbstractScheduleJob - 任务执行失败，任务ID：3
java.lang.NoSuchMethodException: net.maku.quartz.task.TestTask.run1(java.lang.String)
	at java.base/java.lang.Class.getDeclaredMethod(Class.java:2675)
	at net.maku.quartz.utils.AbstractScheduleJob.doExecute(AbstractScheduleJob.java:45)
	at net.maku.quartz.utils.AbstractScheduleJob.execute(AbstractScheduleJob.java:30)
	at org.quartz.core.JobRunShell.run(JobRunShell.java:202)
	at org.quartz.simpl.SimpleThreadPool$WorkerThread.run(SimpleThreadPool.java:573)
2024-08-23 15:46:30.057 [MakuScheduler_Worker-18] ERROR net.maku.quartz.utils.AbstractScheduleJob - 任务执行失败，任务ID：3
java.lang.NoSuchMethodException: net.maku.quartz.task.TestTask.run1(java.lang.String)
	at java.base/java.lang.Class.getDeclaredMethod(Class.java:2675)
	at net.maku.quartz.utils.AbstractScheduleJob.doExecute(AbstractScheduleJob.java:45)
	at net.maku.quartz.utils.AbstractScheduleJob.execute(AbstractScheduleJob.java:30)
	at org.quartz.core.JobRunShell.run(JobRunShell.java:202)
	at org.quartz.simpl.SimpleThreadPool$WorkerThread.run(SimpleThreadPool.java:573)
2024-08-23 15:47:30.062 [MakuScheduler_Worker-19] ERROR net.maku.quartz.utils.AbstractScheduleJob - 任务执行失败，任务ID：3
java.lang.NoSuchMethodException: net.maku.quartz.task.TestTask.run1(java.lang.String)
	at java.base/java.lang.Class.getDeclaredMethod(Class.java:2675)
	at net.maku.quartz.utils.AbstractScheduleJob.doExecute(AbstractScheduleJob.java:45)
	at net.maku.quartz.utils.AbstractScheduleJob.execute(AbstractScheduleJob.java:30)
	at org.quartz.core.JobRunShell.run(JobRunShell.java:202)
	at org.quartz.simpl.SimpleThreadPool$WorkerThread.run(SimpleThreadPool.java:573)
2024-08-23 15:48:30.042 [MakuScheduler_Worker-20] ERROR net.maku.quartz.utils.AbstractScheduleJob - 任务执行失败，任务ID：3
java.lang.NoSuchMethodException: net.maku.quartz.task.TestTask.run1(java.lang.String)
	at java.base/java.lang.Class.getDeclaredMethod(Class.java:2675)
	at net.maku.quartz.utils.AbstractScheduleJob.doExecute(AbstractScheduleJob.java:45)
	at net.maku.quartz.utils.AbstractScheduleJob.execute(AbstractScheduleJob.java:30)
	at org.quartz.core.JobRunShell.run(JobRunShell.java:202)
	at org.quartz.simpl.SimpleThreadPool$WorkerThread.run(SimpleThreadPool.java:573)
2024-08-23 15:49:30.065 [MakuScheduler_Worker-1] ERROR net.maku.quartz.utils.AbstractScheduleJob - 任务执行失败，任务ID：3
java.lang.NoSuchMethodException: net.maku.quartz.task.TestTask.run1(java.lang.String)
	at java.base/java.lang.Class.getDeclaredMethod(Class.java:2675)
	at net.maku.quartz.utils.AbstractScheduleJob.doExecute(AbstractScheduleJob.java:45)
	at net.maku.quartz.utils.AbstractScheduleJob.execute(AbstractScheduleJob.java:30)
	at org.quartz.core.JobRunShell.run(JobRunShell.java:202)
	at org.quartz.simpl.SimpleThreadPool$WorkerThread.run(SimpleThreadPool.java:573)
2024-08-23 15:50:30.107 [MakuScheduler_Worker-2] ERROR net.maku.quartz.utils.AbstractScheduleJob - 任务执行失败，任务ID：3
java.lang.NoSuchMethodException: net.maku.quartz.task.TestTask.run1(java.lang.String)
	at java.base/java.lang.Class.getDeclaredMethod(Class.java:2675)
	at net.maku.quartz.utils.AbstractScheduleJob.doExecute(AbstractScheduleJob.java:45)
	at net.maku.quartz.utils.AbstractScheduleJob.execute(AbstractScheduleJob.java:30)
	at org.quartz.core.JobRunShell.run(JobRunShell.java:202)
	at org.quartz.simpl.SimpleThreadPool$WorkerThread.run(SimpleThreadPool.java:573)
2024-08-23 15:51:30.050 [MakuScheduler_Worker-3] ERROR net.maku.quartz.utils.AbstractScheduleJob - 任务执行失败，任务ID：3
java.lang.NoSuchMethodException: net.maku.quartz.task.TestTask.run1(java.lang.String)
	at java.base/java.lang.Class.getDeclaredMethod(Class.java:2675)
	at net.maku.quartz.utils.AbstractScheduleJob.doExecute(AbstractScheduleJob.java:45)
	at net.maku.quartz.utils.AbstractScheduleJob.execute(AbstractScheduleJob.java:30)
	at org.quartz.core.JobRunShell.run(JobRunShell.java:202)
	at org.quartz.simpl.SimpleThreadPool$WorkerThread.run(SimpleThreadPool.java:573)
2024-08-23 15:52:30.047 [MakuScheduler_Worker-4] ERROR net.maku.quartz.utils.AbstractScheduleJob - 任务执行失败，任务ID：3
java.lang.NoSuchMethodException: net.maku.quartz.task.TestTask.run1(java.lang.String)
	at java.base/java.lang.Class.getDeclaredMethod(Class.java:2675)
	at net.maku.quartz.utils.AbstractScheduleJob.doExecute(AbstractScheduleJob.java:45)
	at net.maku.quartz.utils.AbstractScheduleJob.execute(AbstractScheduleJob.java:30)
	at org.quartz.core.JobRunShell.run(JobRunShell.java:202)
	at org.quartz.simpl.SimpleThreadPool$WorkerThread.run(SimpleThreadPool.java:573)
2024-08-23 15:53:30.052 [MakuScheduler_Worker-5] ERROR net.maku.quartz.utils.AbstractScheduleJob - 任务执行失败，任务ID：3
java.lang.NoSuchMethodException: net.maku.quartz.task.TestTask.run1(java.lang.String)
	at java.base/java.lang.Class.getDeclaredMethod(Class.java:2675)
	at net.maku.quartz.utils.AbstractScheduleJob.doExecute(AbstractScheduleJob.java:45)
	at net.maku.quartz.utils.AbstractScheduleJob.execute(AbstractScheduleJob.java:30)
	at org.quartz.core.JobRunShell.run(JobRunShell.java:202)
	at org.quartz.simpl.SimpleThreadPool$WorkerThread.run(SimpleThreadPool.java:573)
2024-08-23 15:54:30.058 [MakuScheduler_Worker-6] ERROR net.maku.quartz.utils.AbstractScheduleJob - 任务执行失败，任务ID：3
java.lang.NoSuchMethodException: net.maku.quartz.task.TestTask.run1(java.lang.String)
	at java.base/java.lang.Class.getDeclaredMethod(Class.java:2675)
	at net.maku.quartz.utils.AbstractScheduleJob.doExecute(AbstractScheduleJob.java:45)
	at net.maku.quartz.utils.AbstractScheduleJob.execute(AbstractScheduleJob.java:30)
	at org.quartz.core.JobRunShell.run(JobRunShell.java:202)
	at org.quartz.simpl.SimpleThreadPool$WorkerThread.run(SimpleThreadPool.java:573)
2024-08-23 15:55:30.054 [MakuScheduler_Worker-7] ERROR net.maku.quartz.utils.AbstractScheduleJob - 任务执行失败，任务ID：3
java.lang.NoSuchMethodException: net.maku.quartz.task.TestTask.run1(java.lang.String)
	at java.base/java.lang.Class.getDeclaredMethod(Class.java:2675)
	at net.maku.quartz.utils.AbstractScheduleJob.doExecute(AbstractScheduleJob.java:45)
	at net.maku.quartz.utils.AbstractScheduleJob.execute(AbstractScheduleJob.java:30)
	at org.quartz.core.JobRunShell.run(JobRunShell.java:202)
	at org.quartz.simpl.SimpleThreadPool$WorkerThread.run(SimpleThreadPool.java:573)
2024-08-23 15:56:30.042 [MakuScheduler_Worker-8] ERROR net.maku.quartz.utils.AbstractScheduleJob - 任务执行失败，任务ID：3
java.lang.NoSuchMethodException: net.maku.quartz.task.TestTask.run1(java.lang.String)
	at java.base/java.lang.Class.getDeclaredMethod(Class.java:2675)
	at net.maku.quartz.utils.AbstractScheduleJob.doExecute(AbstractScheduleJob.java:45)
	at net.maku.quartz.utils.AbstractScheduleJob.execute(AbstractScheduleJob.java:30)
	at org.quartz.core.JobRunShell.run(JobRunShell.java:202)
	at org.quartz.simpl.SimpleThreadPool$WorkerThread.run(SimpleThreadPool.java:573)
2024-08-23 15:57:30.048 [MakuScheduler_Worker-9] ERROR net.maku.quartz.utils.AbstractScheduleJob - 任务执行失败，任务ID：3
java.lang.NoSuchMethodException: net.maku.quartz.task.TestTask.run1(java.lang.String)
	at java.base/java.lang.Class.getDeclaredMethod(Class.java:2675)
	at net.maku.quartz.utils.AbstractScheduleJob.doExecute(AbstractScheduleJob.java:45)
	at net.maku.quartz.utils.AbstractScheduleJob.execute(AbstractScheduleJob.java:30)
	at org.quartz.core.JobRunShell.run(JobRunShell.java:202)
	at org.quartz.simpl.SimpleThreadPool$WorkerThread.run(SimpleThreadPool.java:573)
2024-08-23 15:58:30.061 [MakuScheduler_Worker-10] ERROR net.maku.quartz.utils.AbstractScheduleJob - 任务执行失败，任务ID：3
java.lang.NoSuchMethodException: net.maku.quartz.task.TestTask.run1(java.lang.String)
	at java.base/java.lang.Class.getDeclaredMethod(Class.java:2675)
	at net.maku.quartz.utils.AbstractScheduleJob.doExecute(AbstractScheduleJob.java:45)
	at net.maku.quartz.utils.AbstractScheduleJob.execute(AbstractScheduleJob.java:30)
	at org.quartz.core.JobRunShell.run(JobRunShell.java:202)
	at org.quartz.simpl.SimpleThreadPool$WorkerThread.run(SimpleThreadPool.java:573)
2024-08-23 15:59:30.059 [MakuScheduler_Worker-11] ERROR net.maku.quartz.utils.AbstractScheduleJob - 任务执行失败，任务ID：3
java.lang.NoSuchMethodException: net.maku.quartz.task.TestTask.run1(java.lang.String)
	at java.base/java.lang.Class.getDeclaredMethod(Class.java:2675)
	at net.maku.quartz.utils.AbstractScheduleJob.doExecute(AbstractScheduleJob.java:45)
	at net.maku.quartz.utils.AbstractScheduleJob.execute(AbstractScheduleJob.java:30)
	at org.quartz.core.JobRunShell.run(JobRunShell.java:202)
	at org.quartz.simpl.SimpleThreadPool$WorkerThread.run(SimpleThreadPool.java:573)
2024-08-23 16:00:30.063 [MakuScheduler_Worker-12] ERROR net.maku.quartz.utils.AbstractScheduleJob - 任务执行失败，任务ID：3
java.lang.NoSuchMethodException: net.maku.quartz.task.TestTask.run1(java.lang.String)
	at java.base/java.lang.Class.getDeclaredMethod(Class.java:2675)
	at net.maku.quartz.utils.AbstractScheduleJob.doExecute(AbstractScheduleJob.java:45)
	at net.maku.quartz.utils.AbstractScheduleJob.execute(AbstractScheduleJob.java:30)
	at org.quartz.core.JobRunShell.run(JobRunShell.java:202)
	at org.quartz.simpl.SimpleThreadPool$WorkerThread.run(SimpleThreadPool.java:573)
2024-08-23 16:01:30.059 [MakuScheduler_Worker-13] ERROR net.maku.quartz.utils.AbstractScheduleJob - 任务执行失败，任务ID：3
java.lang.NoSuchMethodException: net.maku.quartz.task.TestTask.run1(java.lang.String)
	at java.base/java.lang.Class.getDeclaredMethod(Class.java:2675)
	at net.maku.quartz.utils.AbstractScheduleJob.doExecute(AbstractScheduleJob.java:45)
	at net.maku.quartz.utils.AbstractScheduleJob.execute(AbstractScheduleJob.java:30)
	at org.quartz.core.JobRunShell.run(JobRunShell.java:202)
	at org.quartz.simpl.SimpleThreadPool$WorkerThread.run(SimpleThreadPool.java:573)
2024-08-23 16:02:30.048 [MakuScheduler_Worker-14] ERROR net.maku.quartz.utils.AbstractScheduleJob - 任务执行失败，任务ID：3
java.lang.NoSuchMethodException: net.maku.quartz.task.TestTask.run1(java.lang.String)
	at java.base/java.lang.Class.getDeclaredMethod(Class.java:2675)
	at net.maku.quartz.utils.AbstractScheduleJob.doExecute(AbstractScheduleJob.java:45)
	at net.maku.quartz.utils.AbstractScheduleJob.execute(AbstractScheduleJob.java:30)
	at org.quartz.core.JobRunShell.run(JobRunShell.java:202)
	at org.quartz.simpl.SimpleThreadPool$WorkerThread.run(SimpleThreadPool.java:573)
2024-08-23 16:03:30.048 [MakuScheduler_Worker-15] ERROR net.maku.quartz.utils.AbstractScheduleJob - 任务执行失败，任务ID：3
java.lang.NoSuchMethodException: net.maku.quartz.task.TestTask.run1(java.lang.String)
	at java.base/java.lang.Class.getDeclaredMethod(Class.java:2675)
	at net.maku.quartz.utils.AbstractScheduleJob.doExecute(AbstractScheduleJob.java:45)
	at net.maku.quartz.utils.AbstractScheduleJob.execute(AbstractScheduleJob.java:30)
	at org.quartz.core.JobRunShell.run(JobRunShell.java:202)
	at org.quartz.simpl.SimpleThreadPool$WorkerThread.run(SimpleThreadPool.java:573)
2024-08-23 16:04:30.046 [MakuScheduler_Worker-16] ERROR net.maku.quartz.utils.AbstractScheduleJob - 任务执行失败，任务ID：3
java.lang.NoSuchMethodException: net.maku.quartz.task.TestTask.run1(java.lang.String)
	at java.base/java.lang.Class.getDeclaredMethod(Class.java:2675)
	at net.maku.quartz.utils.AbstractScheduleJob.doExecute(AbstractScheduleJob.java:45)
	at net.maku.quartz.utils.AbstractScheduleJob.execute(AbstractScheduleJob.java:30)
	at org.quartz.core.JobRunShell.run(JobRunShell.java:202)
	at org.quartz.simpl.SimpleThreadPool$WorkerThread.run(SimpleThreadPool.java:573)
2024-08-23 16:05:30.050 [MakuScheduler_Worker-17] ERROR net.maku.quartz.utils.AbstractScheduleJob - 任务执行失败，任务ID：3
java.lang.NoSuchMethodException: net.maku.quartz.task.TestTask.run1(java.lang.String)
	at java.base/java.lang.Class.getDeclaredMethod(Class.java:2675)
	at net.maku.quartz.utils.AbstractScheduleJob.doExecute(AbstractScheduleJob.java:45)
	at net.maku.quartz.utils.AbstractScheduleJob.execute(AbstractScheduleJob.java:30)
	at org.quartz.core.JobRunShell.run(JobRunShell.java:202)
	at org.quartz.simpl.SimpleThreadPool$WorkerThread.run(SimpleThreadPool.java:573)
2024-08-23 16:06:30.031 [MakuScheduler_Worker-18] ERROR net.maku.quartz.utils.AbstractScheduleJob - 任务执行失败，任务ID：3
java.lang.NoSuchMethodException: net.maku.quartz.task.TestTask.run1(java.lang.String)
	at java.base/java.lang.Class.getDeclaredMethod(Class.java:2675)
	at net.maku.quartz.utils.AbstractScheduleJob.doExecute(AbstractScheduleJob.java:45)
	at net.maku.quartz.utils.AbstractScheduleJob.execute(AbstractScheduleJob.java:30)
	at org.quartz.core.JobRunShell.run(JobRunShell.java:202)
	at org.quartz.simpl.SimpleThreadPool$WorkerThread.run(SimpleThreadPool.java:573)
2024-08-23 16:07:30.036 [MakuScheduler_Worker-19] ERROR net.maku.quartz.utils.AbstractScheduleJob - 任务执行失败，任务ID：3
java.lang.NoSuchMethodException: net.maku.quartz.task.TestTask.run1(java.lang.String)
	at java.base/java.lang.Class.getDeclaredMethod(Class.java:2675)
	at net.maku.quartz.utils.AbstractScheduleJob.doExecute(AbstractScheduleJob.java:45)
	at net.maku.quartz.utils.AbstractScheduleJob.execute(AbstractScheduleJob.java:30)
	at org.quartz.core.JobRunShell.run(JobRunShell.java:202)
	at org.quartz.simpl.SimpleThreadPool$WorkerThread.run(SimpleThreadPool.java:573)
2024-08-23 16:08:30.033 [MakuScheduler_Worker-20] ERROR net.maku.quartz.utils.AbstractScheduleJob - 任务执行失败，任务ID：3
java.lang.NoSuchMethodException: net.maku.quartz.task.TestTask.run1(java.lang.String)
	at java.base/java.lang.Class.getDeclaredMethod(Class.java:2675)
	at net.maku.quartz.utils.AbstractScheduleJob.doExecute(AbstractScheduleJob.java:45)
	at net.maku.quartz.utils.AbstractScheduleJob.execute(AbstractScheduleJob.java:30)
	at org.quartz.core.JobRunShell.run(JobRunShell.java:202)
	at org.quartz.simpl.SimpleThreadPool$WorkerThread.run(SimpleThreadPool.java:573)
2024-08-23 16:09:30.063 [MakuScheduler_Worker-1] ERROR net.maku.quartz.utils.AbstractScheduleJob - 任务执行失败，任务ID：3
java.lang.NoSuchMethodException: net.maku.quartz.task.TestTask.run1(java.lang.String)
	at java.base/java.lang.Class.getDeclaredMethod(Class.java:2675)
	at net.maku.quartz.utils.AbstractScheduleJob.doExecute(AbstractScheduleJob.java:45)
	at net.maku.quartz.utils.AbstractScheduleJob.execute(AbstractScheduleJob.java:30)
	at org.quartz.core.JobRunShell.run(JobRunShell.java:202)
	at org.quartz.simpl.SimpleThreadPool$WorkerThread.run(SimpleThreadPool.java:573)
2024-08-23 16:10:30.034 [MakuScheduler_Worker-2] ERROR net.maku.quartz.utils.AbstractScheduleJob - 任务执行失败，任务ID：3
java.lang.NoSuchMethodException: net.maku.quartz.task.TestTask.run1(java.lang.String)
	at java.base/java.lang.Class.getDeclaredMethod(Class.java:2675)
	at net.maku.quartz.utils.AbstractScheduleJob.doExecute(AbstractScheduleJob.java:45)
	at net.maku.quartz.utils.AbstractScheduleJob.execute(AbstractScheduleJob.java:30)
	at org.quartz.core.JobRunShell.run(JobRunShell.java:202)
	at org.quartz.simpl.SimpleThreadPool$WorkerThread.run(SimpleThreadPool.java:573)
2024-08-23 16:11:30.040 [MakuScheduler_Worker-3] ERROR net.maku.quartz.utils.AbstractScheduleJob - 任务执行失败，任务ID：3
java.lang.NoSuchMethodException: net.maku.quartz.task.TestTask.run1(java.lang.String)
	at java.base/java.lang.Class.getDeclaredMethod(Class.java:2675)
	at net.maku.quartz.utils.AbstractScheduleJob.doExecute(AbstractScheduleJob.java:45)
	at net.maku.quartz.utils.AbstractScheduleJob.execute(AbstractScheduleJob.java:30)
	at org.quartz.core.JobRunShell.run(JobRunShell.java:202)
	at org.quartz.simpl.SimpleThreadPool$WorkerThread.run(SimpleThreadPool.java:573)
2024-08-23 16:12:30.044 [MakuScheduler_Worker-4] ERROR net.maku.quartz.utils.AbstractScheduleJob - 任务执行失败，任务ID：3
java.lang.NoSuchMethodException: net.maku.quartz.task.TestTask.run1(java.lang.String)
	at java.base/java.lang.Class.getDeclaredMethod(Class.java:2675)
	at net.maku.quartz.utils.AbstractScheduleJob.doExecute(AbstractScheduleJob.java:45)
	at net.maku.quartz.utils.AbstractScheduleJob.execute(AbstractScheduleJob.java:30)
	at org.quartz.core.JobRunShell.run(JobRunShell.java:202)
	at org.quartz.simpl.SimpleThreadPool$WorkerThread.run(SimpleThreadPool.java:573)
2024-08-23 16:13:30.042 [MakuScheduler_Worker-5] ERROR net.maku.quartz.utils.AbstractScheduleJob - 任务执行失败，任务ID：3
java.lang.NoSuchMethodException: net.maku.quartz.task.TestTask.run1(java.lang.String)
	at java.base/java.lang.Class.getDeclaredMethod(Class.java:2675)
	at net.maku.quartz.utils.AbstractScheduleJob.doExecute(AbstractScheduleJob.java:45)
	at net.maku.quartz.utils.AbstractScheduleJob.execute(AbstractScheduleJob.java:30)
	at org.quartz.core.JobRunShell.run(JobRunShell.java:202)
	at org.quartz.simpl.SimpleThreadPool$WorkerThread.run(SimpleThreadPool.java:573)
2024-08-23 16:14:30.046 [MakuScheduler_Worker-6] ERROR net.maku.quartz.utils.AbstractScheduleJob - 任务执行失败，任务ID：3
java.lang.NoSuchMethodException: net.maku.quartz.task.TestTask.run1(java.lang.String)
	at java.base/java.lang.Class.getDeclaredMethod(Class.java:2675)
	at net.maku.quartz.utils.AbstractScheduleJob.doExecute(AbstractScheduleJob.java:45)
	at net.maku.quartz.utils.AbstractScheduleJob.execute(AbstractScheduleJob.java:30)
	at org.quartz.core.JobRunShell.run(JobRunShell.java:202)
	at org.quartz.simpl.SimpleThreadPool$WorkerThread.run(SimpleThreadPool.java:573)
2024-08-23 16:15:30.034 [MakuScheduler_Worker-7] ERROR net.maku.quartz.utils.AbstractScheduleJob - 任务执行失败，任务ID：3
java.lang.NoSuchMethodException: net.maku.quartz.task.TestTask.run1(java.lang.String)
	at java.base/java.lang.Class.getDeclaredMethod(Class.java:2675)
	at net.maku.quartz.utils.AbstractScheduleJob.doExecute(AbstractScheduleJob.java:45)
	at net.maku.quartz.utils.AbstractScheduleJob.execute(AbstractScheduleJob.java:30)
	at org.quartz.core.JobRunShell.run(JobRunShell.java:202)
	at org.quartz.simpl.SimpleThreadPool$WorkerThread.run(SimpleThreadPool.java:573)
2024-08-23 16:38:12.568 [MakuScheduler_Worker-8] ERROR net.maku.quartz.utils.AbstractScheduleJob - 任务执行失败，任务ID：3
java.lang.NoSuchMethodException: net.maku.quartz.task.TestTask.run1(java.lang.String)
	at java.base/java.lang.Class.getDeclaredMethod(Class.java:2675)
	at net.maku.quartz.utils.AbstractScheduleJob.doExecute(AbstractScheduleJob.java:45)
	at net.maku.quartz.utils.AbstractScheduleJob.execute(AbstractScheduleJob.java:30)
	at org.quartz.core.JobRunShell.run(JobRunShell.java:202)
	at org.quartz.simpl.SimpleThreadPool$WorkerThread.run(SimpleThreadPool.java:573)
2024-08-23 16:43:13.503 [MakuScheduler_Worker-9] ERROR net.maku.quartz.utils.AbstractScheduleJob - 任务执行失败，任务ID：3
java.lang.NoSuchMethodException: net.maku.quartz.task.TestTask.run1(java.lang.String)
	at java.base/java.lang.Class.getDeclaredMethod(Class.java:2675)
	at net.maku.quartz.utils.AbstractScheduleJob.doExecute(AbstractScheduleJob.java:45)
	at net.maku.quartz.utils.AbstractScheduleJob.execute(AbstractScheduleJob.java:30)
	at org.quartz.core.JobRunShell.run(JobRunShell.java:202)
	at org.quartz.simpl.SimpleThreadPool$WorkerThread.run(SimpleThreadPool.java:573)
2024-08-23 17:06:28.817 [MakuScheduler_Worker-11] ERROR net.maku.quartz.utils.AbstractScheduleJob - 任务执行失败，任务ID：3
java.lang.NoSuchMethodException: net.maku.quartz.task.TestTask.run1(java.lang.String)
	at java.base/java.lang.Class.getDeclaredMethod(Class.java:2675)
	at net.maku.quartz.utils.AbstractScheduleJob.doExecute(AbstractScheduleJob.java:45)
	at net.maku.quartz.utils.AbstractScheduleJob.execute(AbstractScheduleJob.java:30)
	at org.quartz.core.JobRunShell.run(JobRunShell.java:202)
	at org.quartz.simpl.SimpleThreadPool$WorkerThread.run(SimpleThreadPool.java:573)
