2024-08-02 10:06:44.673 [SpringApplicationShutdownHook] INFO  org.quartz.core.QuartzScheduler - Scheduler MakuScheduler_$_LanJing1722502835113 paused.
2024-08-02 10:06:45.477 [SpringApplicationShutdownHook] INFO  o.s.scheduling.quartz.SchedulerFactoryBean - Shutting down Quartz Scheduler
2024-08-02 10:06:45.478 [SpringApplicationShutdownHook] INFO  org.quartz.core.QuartzScheduler - Scheduler MakuScheduler_$_LanJing1722502835113 shutting down.
2024-08-02 10:06:45.478 [SpringApplicationShutdownHook] INFO  org.quartz.core.QuartzScheduler - Scheduler MakuScheduler_$_LanJing1722502835113 paused.
2024-08-02 10:06:45.490 [SpringApplicationShutdownHook] INFO  org.quartz.core.QuartzScheduler - Scheduler MakuScheduler_$_LanJing1722502835113 shutdown complete.
2024-08-02 10:06:45.517 [SpringApplicationShutdownHook] INFO  c.b.dynamic.datasource.DynamicRoutingDataSource - dynamic-datasource start closing ....
2024-08-02 10:06:45.521 [SpringApplicationShutdownHook] INFO  com.zaxxer.hikari.HikariDataSource - master - Shutdown initiated...
2024-08-02 10:06:45.575 [SpringApplicationShutdownHook] INFO  com.zaxxer.hikari.HikariDataSource - master - Shutdown completed.
2024-08-02 10:06:45.575 [SpringApplicationShutdownHook] INFO  c.b.dynamic.datasource.DynamicRoutingDataSource - dynamic-datasource all closed success,bye
2024-08-02 10:31:45.839 [background-preinit] INFO  org.hibernate.validator.internal.util.Version - HV000001: Hibernate Validator 8.0.1.Final
2024-08-02 10:31:45.953 [main] INFO  net.maku.ServerApplication - Starting ServerApplication using Java 17.0.10 with PID 13716 (D:\web_lsz\maku-boot-master\maku-boot-master\maku-server\target\classes started by LanJing in D:\web_lsz\maku-boot-master)
2024-08-02 10:31:45.958 [main] INFO  net.maku.ServerApplication - The following 1 profile is active: "dev"
2024-08-02 10:31:51.644 [main] INFO  o.s.d.r.config.RepositoryConfigurationDelegate - Multiple Spring Data modules found, entering strict repository configuration mode
2024-08-02 10:31:51.648 [main] INFO  o.s.d.r.config.RepositoryConfigurationDelegate - Bootstrapping Spring Data Redis repositories in DEFAULT mode.
2024-08-02 10:31:51.739 [main] INFO  o.s.d.r.config.RepositoryConfigurationDelegate - Finished Spring Data repository scanning in 72 ms. Found 0 Redis repository interfaces.
2024-08-02 10:31:53.771 [main] INFO  o.s.boot.web.embedded.tomcat.TomcatWebServer - Tomcat initialized with port 8080 (http)
2024-08-02 10:31:53.791 [main] INFO  org.apache.coyote.http11.Http11NioProtocol - Initializing ProtocolHandler ["http-nio-8080"]
2024-08-02 10:31:53.793 [main] INFO  org.apache.catalina.core.StandardService - Starting service [Tomcat]
2024-08-02 10:31:53.793 [main] INFO  org.apache.catalina.core.StandardEngine - Starting Servlet engine: [Apache Tomcat/10.1.25]
2024-08-02 10:31:54.021 [main] INFO  o.a.c.core.ContainerBase.[Tomcat].[localhost].[/] - Initializing Spring embedded WebApplicationContext
2024-08-02 10:31:54.021 [main] INFO  o.s.b.w.s.c.ServletWebServerApplicationContext - Root WebApplicationContext: initialization completed in 7986 ms
2024-08-02 10:31:54.457 [main] INFO  org.redisson.Version - Redisson 3.21.3
2024-08-02 10:31:54.982 [redisson-netty-2-5] INFO  o.r.connection.pool.MasterPubSubConnectionPool - 1 connections initialized for localhost/127.0.0.1:6379
2024-08-02 10:31:55.320 [redisson-netty-2-20] INFO  org.redisson.connection.pool.MasterConnectionPool - 24 connections initialized for localhost/127.0.0.1:6379
2024-08-02 10:31:55.772 [main] INFO  com.zaxxer.hikari.HikariDataSource - master - Starting...
2024-08-02 10:31:56.499 [main] INFO  com.zaxxer.hikari.pool.HikariPool - master - Added connection com.mysql.cj.jdbc.ConnectionImpl@5367d46f
2024-08-02 10:31:56.501 [main] INFO  com.zaxxer.hikari.HikariDataSource - master - Start completed.
2024-08-02 10:31:56.501 [main] INFO  c.b.dynamic.datasource.DynamicRoutingDataSource - dynamic-datasource - add a datasource named [master] success
2024-08-02 10:31:56.502 [main] INFO  c.b.dynamic.datasource.DynamicRoutingDataSource - dynamic-datasource initial loaded [1] datasource,primary datasource named [master]
2024-08-02 10:31:59.589 [main] INFO  org.quartz.impl.StdSchedulerFactory - Using default implementation for ThreadExecutor
2024-08-02 10:31:59.609 [main] INFO  org.quartz.core.SchedulerSignalerImpl - Initialized Scheduler Signaller of type: class org.quartz.core.SchedulerSignalerImpl
2024-08-02 10:31:59.610 [main] INFO  org.quartz.core.QuartzScheduler - Quartz Scheduler v.2.3.2 created.
2024-08-02 10:31:59.628 [main] INFO  o.s.scheduling.quartz.LocalDataSourceJobStore - Using db table-based data access locking (synchronization).
2024-08-02 10:31:59.632 [main] INFO  o.s.scheduling.quartz.LocalDataSourceJobStore - JobStoreCMT initialized.
2024-08-02 10:31:59.633 [main] INFO  org.quartz.core.QuartzScheduler - Scheduler meta-data: Quartz Scheduler (v2.3.2) 'MakuScheduler' with instanceId 'LanJing1722565919592'
  Scheduler class: 'org.quartz.core.QuartzScheduler' - running locally.
  NOT STARTED.
  Currently in standby mode.
  Number of jobs executed: 0
  Using thread pool 'org.quartz.simpl.SimpleThreadPool' - with 20 threads.
  Using job-store 'org.springframework.scheduling.quartz.LocalDataSourceJobStore' - which supports persistence. and is clustered.

2024-08-02 10:31:59.634 [main] INFO  org.quartz.impl.StdSchedulerFactory - Quartz scheduler 'MakuScheduler' initialized from an externally provided properties instance.
2024-08-02 10:31:59.634 [main] INFO  org.quartz.impl.StdSchedulerFactory - Quartz scheduler version: 2.3.2
2024-08-02 10:31:59.636 [main] INFO  org.quartz.core.QuartzScheduler - JobFactory set to: org.springframework.scheduling.quartz.AdaptableJobFactory@2420e962
2024-08-02 10:32:00.995 [main] INFO  o.s.s.c.a.a.c.InitializeAuthenticationProviderBeanManagerConfigurer$InitializeAuthenticationProviderManagerConfigurer - Found 3 AuthenticationProvider beans, with names [daoAuthenticationProvider, mobileAuthenticationProvider, thirdAuthenticationProvider]. Global Authentication Manager will not be configured with AuthenticationProviders. Consider publishing a single AuthenticationProvider bean, or wiring your Providers directly using the DSL.
2024-08-02 10:32:00.996 [main] INFO  o.s.s.c.a.a.c.InitializeUserDetailsBeanManagerConfigurer$InitializeUserDetailsManagerConfigurer - Global AuthenticationManager configured with UserDetailsService bean with name userDetailsServiceImpl
2024-08-02 10:32:01.484 [main] INFO  o.s.b.actuate.endpoint.web.EndpointLinksResolver - Exposing 1 endpoint beneath base path '/actuator'
2024-08-02 10:32:01.950 [main] INFO  com.fhs.common.spring.SpringContextUtil - ------SpringContextUtil setApplicationContext-------
2024-08-02 10:32:02.885 [main] INFO  org.apache.coyote.http11.Http11NioProtocol - Starting ProtocolHandler ["http-nio-8080"]
2024-08-02 10:32:02.899 [main] INFO  o.s.boot.web.embedded.tomcat.TomcatWebServer - Tomcat started on port 8080 (http) with context path '/'
2024-08-02 10:32:02.901 [main] INFO  o.s.scheduling.quartz.SchedulerFactoryBean - Will start Quartz Scheduler [MakuScheduler] in 10 seconds
2024-08-02 10:32:02.913 [main] INFO  net.maku.ServerApplication - Started ServerApplication in 18.01 seconds (process running for 24.42)
2024-08-02 10:32:10.110 [http-nio-8080-exec-1] INFO  o.a.c.core.ContainerBase.[Tomcat].[localhost].[/] - Initializing Spring DispatcherServlet 'dispatcherServlet'
2024-08-02 10:32:10.110 [http-nio-8080-exec-1] INFO  org.springframework.web.servlet.DispatcherServlet - Initializing Servlet 'dispatcherServlet'
2024-08-02 10:32:10.112 [http-nio-8080-exec-1] INFO  org.springframework.web.servlet.DispatcherServlet - Completed initialization in 2 ms
2024-08-02 10:32:11.744 [http-nio-8080-exec-24] INFO  org.springdoc.api.AbstractOpenApiResource - Init duration for springdoc-openapi is: 1042 ms
2024-08-02 10:32:12.914 [Quartz Scheduler [MakuScheduler]] INFO  o.s.scheduling.quartz.SchedulerFactoryBean - Starting Quartz Scheduler now, after delay of 10 seconds
2024-08-02 10:32:12.945 [Quartz Scheduler [MakuScheduler]] INFO  o.s.scheduling.quartz.LocalDataSourceJobStore - ClusterManager: detected 1 failed or restarted instances.
2024-08-02 10:32:12.945 [Quartz Scheduler [MakuScheduler]] INFO  o.s.scheduling.quartz.LocalDataSourceJobStore - ClusterManager: Scanning for instance "LanJing1722502835113"'s failed in-progress jobs.
2024-08-02 10:32:13.001 [Quartz Scheduler [MakuScheduler]] INFO  org.quartz.core.QuartzScheduler - Scheduler MakuScheduler_$_LanJing1722565919592 started.
2024-08-02 10:32:34.653 [SpringApplicationShutdownHook] INFO  org.quartz.core.QuartzScheduler - Scheduler MakuScheduler_$_LanJing1722565919592 paused.
2024-08-02 10:32:34.788 [SpringApplicationShutdownHook] INFO  o.s.scheduling.quartz.SchedulerFactoryBean - Shutting down Quartz Scheduler
2024-08-02 10:32:34.788 [SpringApplicationShutdownHook] INFO  org.quartz.core.QuartzScheduler - Scheduler MakuScheduler_$_LanJing1722565919592 shutting down.
2024-08-02 10:32:34.788 [SpringApplicationShutdownHook] INFO  org.quartz.core.QuartzScheduler - Scheduler MakuScheduler_$_LanJing1722565919592 paused.
2024-08-02 10:32:34.789 [SpringApplicationShutdownHook] INFO  org.quartz.core.QuartzScheduler - Scheduler MakuScheduler_$_LanJing1722565919592 shutdown complete.
2024-08-02 10:32:34.792 [SpringApplicationShutdownHook] INFO  c.b.dynamic.datasource.DynamicRoutingDataSource - dynamic-datasource start closing ....
2024-08-02 10:32:34.792 [SpringApplicationShutdownHook] INFO  com.zaxxer.hikari.HikariDataSource - master - Shutdown initiated...
2024-08-02 10:32:34.821 [SpringApplicationShutdownHook] INFO  com.zaxxer.hikari.HikariDataSource - master - Shutdown completed.
2024-08-02 10:32:34.821 [SpringApplicationShutdownHook] INFO  c.b.dynamic.datasource.DynamicRoutingDataSource - dynamic-datasource all closed success,bye
2024-08-02 10:32:41.920 [background-preinit] INFO  org.hibernate.validator.internal.util.Version - HV000001: Hibernate Validator 8.0.1.Final
2024-08-02 10:32:42.018 [main] INFO  net.maku.ServerApplication - Starting ServerApplication using Java 17.0.10 with PID 59780 (D:\web_lsz\maku-boot-master\maku-boot-master\maku-server\target\classes started by LanJing in D:\web_lsz\maku-boot-master)
2024-08-02 10:32:42.019 [main] INFO  net.maku.ServerApplication - The following 1 profile is active: "dev"
2024-08-02 10:32:44.629 [main] INFO  o.s.d.r.config.RepositoryConfigurationDelegate - Multiple Spring Data modules found, entering strict repository configuration mode
2024-08-02 10:32:44.632 [main] INFO  o.s.d.r.config.RepositoryConfigurationDelegate - Bootstrapping Spring Data Redis repositories in DEFAULT mode.
2024-08-02 10:32:44.730 [main] INFO  o.s.d.r.config.RepositoryConfigurationDelegate - Finished Spring Data repository scanning in 79 ms. Found 0 Redis repository interfaces.
2024-08-02 10:32:46.594 [main] INFO  o.s.boot.web.embedded.tomcat.TomcatWebServer - Tomcat initialized with port 8080 (http)
2024-08-02 10:32:46.612 [main] INFO  org.apache.coyote.http11.Http11NioProtocol - Initializing ProtocolHandler ["http-nio-8080"]
2024-08-02 10:32:46.614 [main] INFO  org.apache.catalina.core.StandardService - Starting service [Tomcat]
2024-08-02 10:32:46.615 [main] INFO  org.apache.catalina.core.StandardEngine - Starting Servlet engine: [Apache Tomcat/10.1.25]
2024-08-02 10:32:46.781 [main] INFO  o.a.c.core.ContainerBase.[Tomcat].[localhost].[/] - Initializing Spring embedded WebApplicationContext
2024-08-02 10:32:46.782 [main] INFO  o.s.b.w.s.c.ServletWebServerApplicationContext - Root WebApplicationContext: initialization completed in 4701 ms
2024-08-02 10:32:47.145 [main] INFO  org.redisson.Version - Redisson 3.21.3
2024-08-02 10:32:47.580 [redisson-netty-2-5] INFO  o.r.connection.pool.MasterPubSubConnectionPool - 1 connections initialized for localhost/127.0.0.1:6379
2024-08-02 10:32:48.052 [redisson-netty-2-20] INFO  org.redisson.connection.pool.MasterConnectionPool - 24 connections initialized for localhost/127.0.0.1:6379
2024-08-02 10:32:48.448 [main] INFO  com.zaxxer.hikari.HikariDataSource - master - Starting...
2024-08-02 10:32:49.023 [main] INFO  com.zaxxer.hikari.pool.HikariPool - master - Added connection com.mysql.cj.jdbc.ConnectionImpl@705ebb4d
2024-08-02 10:32:49.025 [main] INFO  com.zaxxer.hikari.HikariDataSource - master - Start completed.
2024-08-02 10:32:49.026 [main] INFO  c.b.dynamic.datasource.DynamicRoutingDataSource - dynamic-datasource - add a datasource named [master] success
2024-08-02 10:32:49.026 [main] INFO  c.b.dynamic.datasource.DynamicRoutingDataSource - dynamic-datasource initial loaded [1] datasource,primary datasource named [master]
2024-08-02 10:32:51.961 [main] INFO  org.quartz.impl.StdSchedulerFactory - Using default implementation for ThreadExecutor
2024-08-02 10:32:51.978 [main] INFO  org.quartz.core.SchedulerSignalerImpl - Initialized Scheduler Signaller of type: class org.quartz.core.SchedulerSignalerImpl
2024-08-02 10:32:51.978 [main] INFO  org.quartz.core.QuartzScheduler - Quartz Scheduler v.2.3.2 created.
2024-08-02 10:32:51.982 [main] INFO  o.s.scheduling.quartz.LocalDataSourceJobStore - Using db table-based data access locking (synchronization).
2024-08-02 10:32:51.985 [main] INFO  o.s.scheduling.quartz.LocalDataSourceJobStore - JobStoreCMT initialized.
2024-08-02 10:32:51.985 [main] INFO  org.quartz.core.QuartzScheduler - Scheduler meta-data: Quartz Scheduler (v2.3.2) 'MakuScheduler' with instanceId 'LanJing1722565971964'
  Scheduler class: 'org.quartz.core.QuartzScheduler' - running locally.
  NOT STARTED.
  Currently in standby mode.
  Number of jobs executed: 0
  Using thread pool 'org.quartz.simpl.SimpleThreadPool' - with 20 threads.
  Using job-store 'org.springframework.scheduling.quartz.LocalDataSourceJobStore' - which supports persistence. and is clustered.

2024-08-02 10:32:51.986 [main] INFO  org.quartz.impl.StdSchedulerFactory - Quartz scheduler 'MakuScheduler' initialized from an externally provided properties instance.
2024-08-02 10:32:51.986 [main] INFO  org.quartz.impl.StdSchedulerFactory - Quartz scheduler version: 2.3.2
2024-08-02 10:32:51.988 [main] INFO  org.quartz.core.QuartzScheduler - JobFactory set to: org.springframework.scheduling.quartz.AdaptableJobFactory@3f4b59fd
2024-08-02 10:32:53.461 [main] INFO  o.s.s.c.a.a.c.InitializeAuthenticationProviderBeanManagerConfigurer$InitializeAuthenticationProviderManagerConfigurer - Found 3 AuthenticationProvider beans, with names [daoAuthenticationProvider, mobileAuthenticationProvider, thirdAuthenticationProvider]. Global Authentication Manager will not be configured with AuthenticationProviders. Consider publishing a single AuthenticationProvider bean, or wiring your Providers directly using the DSL.
2024-08-02 10:32:53.464 [main] INFO  o.s.s.c.a.a.c.InitializeUserDetailsBeanManagerConfigurer$InitializeUserDetailsManagerConfigurer - Global AuthenticationManager configured with UserDetailsService bean with name userDetailsServiceImpl
2024-08-02 10:32:54.184 [main] INFO  o.s.b.actuate.endpoint.web.EndpointLinksResolver - Exposing 1 endpoint beneath base path '/actuator'
2024-08-02 10:32:54.742 [main] INFO  com.fhs.common.spring.SpringContextUtil - ------SpringContextUtil setApplicationContext-------
2024-08-02 10:32:55.898 [main] INFO  org.apache.coyote.http11.Http11NioProtocol - Starting ProtocolHandler ["http-nio-8080"]
2024-08-02 10:32:55.912 [main] INFO  o.s.boot.web.embedded.tomcat.TomcatWebServer - Tomcat started on port 8080 (http) with context path '/'
2024-08-02 10:32:55.915 [main] INFO  o.s.scheduling.quartz.SchedulerFactoryBean - Will start Quartz Scheduler [MakuScheduler] in 10 seconds
2024-08-02 10:32:55.933 [main] INFO  net.maku.ServerApplication - Started ServerApplication in 14.815 seconds (process running for 16.201)
2024-08-02 10:32:56.558 [RMI TCP Connection(8)-192.168.13.2] INFO  o.a.c.core.ContainerBase.[Tomcat].[localhost].[/] - Initializing Spring DispatcherServlet 'dispatcherServlet'
2024-08-02 10:32:56.558 [RMI TCP Connection(8)-192.168.13.2] INFO  org.springframework.web.servlet.DispatcherServlet - Initializing Servlet 'dispatcherServlet'
2024-08-02 10:32:56.560 [RMI TCP Connection(8)-192.168.13.2] INFO  org.springframework.web.servlet.DispatcherServlet - Completed initialization in 2 ms
2024-08-02 10:33:05.928 [Quartz Scheduler [MakuScheduler]] INFO  o.s.scheduling.quartz.SchedulerFactoryBean - Starting Quartz Scheduler now, after delay of 10 seconds
2024-08-02 10:33:05.950 [Quartz Scheduler [MakuScheduler]] INFO  o.s.scheduling.quartz.LocalDataSourceJobStore - ClusterManager: detected 1 failed or restarted instances.
2024-08-02 10:33:05.950 [Quartz Scheduler [MakuScheduler]] INFO  o.s.scheduling.quartz.LocalDataSourceJobStore - ClusterManager: Scanning for instance "LanJing1722565919592"'s failed in-progress jobs.
2024-08-02 10:33:06.007 [Quartz Scheduler [MakuScheduler]] INFO  org.quartz.core.QuartzScheduler - Scheduler MakuScheduler_$_LanJing1722565971964 started.
2024-08-02 17:37:12.551 [http-nio-8080-exec-20] INFO  org.springdoc.api.AbstractOpenApiResource - Init duration for springdoc-openapi is: 10961 ms
