2024-07-31 16:04:35.736 [background-preinit] INFO  org.hibernate.validator.internal.util.Version - HV000001: Hibernate Validator 8.0.1.Final
2024-07-31 16:04:36.550 [main] INFO  net.maku.ServerApplication - Starting ServerApplication using Java 17.0.10 with PID 51032 (D:\web_lsz\maku-boot-master\maku-boot-master\maku-server\target\classes started by LanJing in D:\web_lsz\maku-boot-master)
2024-07-31 16:04:36.554 [main] INFO  net.maku.ServerApplication - The following 1 profile is active: "dev"
2024-07-31 16:04:42.548 [main] INFO  o.s.d.r.config.RepositoryConfigurationDelegate - Multiple Spring Data modules found, entering strict repository configuration mode
2024-07-31 16:04:42.552 [main] INFO  o.s.d.r.config.RepositoryConfigurationDelegate - Bootstrapping Spring Data Redis repositories in DEFAULT mode.
2024-07-31 16:04:42.684 [main] INFO  o.s.d.r.config.RepositoryConfigurationDelegate - Finished Spring Data repository scanning in 98 ms. Found 0 Redis repository interfaces.
2024-07-31 16:04:50.451 [main] INFO  o.s.boot.web.embedded.tomcat.TomcatWebServer - Tomcat initialized with port 8080 (http)
2024-07-31 16:04:50.523 [main] INFO  org.apache.coyote.http11.Http11NioProtocol - Initializing ProtocolHandler ["http-nio-8080"]
2024-07-31 16:04:50.525 [main] INFO  org.apache.catalina.core.StandardService - Starting service [Tomcat]
2024-07-31 16:04:50.525 [main] INFO  org.apache.catalina.core.StandardEngine - Starting Servlet engine: [Apache Tomcat/10.1.25]
2024-07-31 16:04:50.848 [main] INFO  o.a.c.core.ContainerBase.[Tomcat].[localhost].[/] - Initializing Spring embedded WebApplicationContext
2024-07-31 16:04:50.848 [main] INFO  o.s.b.w.s.c.ServletWebServerApplicationContext - Root WebApplicationContext: initialization completed in 14098 ms
2024-07-31 16:04:52.008 [main] INFO  org.redisson.Version - Redisson 3.21.3
2024-07-31 16:04:53.922 [redisson-netty-2-5] INFO  o.r.connection.pool.MasterPubSubConnectionPool - 1 connections initialized for localhost/127.0.0.1:6379
2024-07-31 16:04:54.283 [redisson-netty-2-20] INFO  org.redisson.connection.pool.MasterConnectionPool - 24 connections initialized for localhost/127.0.0.1:6379
2024-07-31 16:04:55.266 [main] INFO  com.zaxxer.hikari.HikariDataSource - master - Starting...
2024-07-31 16:04:57.680 [main] INFO  com.zaxxer.hikari.pool.HikariPool - master - Added connection com.mysql.cj.jdbc.ConnectionImpl@41fe0d98
2024-07-31 16:04:57.682 [main] INFO  com.zaxxer.hikari.HikariDataSource - master - Start completed.
2024-07-31 16:04:57.683 [main] INFO  c.b.dynamic.datasource.DynamicRoutingDataSource - dynamic-datasource - add a datasource named [master] success
2024-07-31 16:04:57.683 [main] INFO  c.b.dynamic.datasource.DynamicRoutingDataSource - dynamic-datasource initial loaded [1] datasource,primary datasource named [master]
2024-07-31 16:06:10.601 [main] INFO  org.quartz.impl.StdSchedulerFactory - Using default implementation for ThreadExecutor
2024-07-31 16:06:10.652 [main] INFO  org.quartz.core.SchedulerSignalerImpl - Initialized Scheduler Signaller of type: class org.quartz.core.SchedulerSignalerImpl
2024-07-31 16:06:10.652 [main] INFO  org.quartz.core.QuartzScheduler - Quartz Scheduler v.2.3.2 created.
2024-07-31 16:06:10.678 [main] INFO  o.s.scheduling.quartz.LocalDataSourceJobStore - Using db table-based data access locking (synchronization).
2024-07-31 16:06:10.684 [main] INFO  o.s.scheduling.quartz.LocalDataSourceJobStore - JobStoreCMT initialized.
2024-07-31 16:06:10.685 [main] INFO  org.quartz.core.QuartzScheduler - Scheduler meta-data: Quartz Scheduler (v2.3.2) 'MakuScheduler' with instanceId 'LanJing1722413170614'
  Scheduler class: 'org.quartz.core.QuartzScheduler' - running locally.
  NOT STARTED.
  Currently in standby mode.
  Number of jobs executed: 0
  Using thread pool 'org.quartz.simpl.SimpleThreadPool' - with 20 threads.
  Using job-store 'org.springframework.scheduling.quartz.LocalDataSourceJobStore' - which supports persistence. and is clustered.

2024-07-31 16:06:10.685 [main] INFO  org.quartz.impl.StdSchedulerFactory - Quartz scheduler 'MakuScheduler' initialized from an externally provided properties instance.
2024-07-31 16:06:10.685 [main] INFO  org.quartz.impl.StdSchedulerFactory - Quartz scheduler version: 2.3.2
2024-07-31 16:06:10.693 [main] INFO  org.quartz.core.QuartzScheduler - JobFactory set to: org.springframework.scheduling.quartz.AdaptableJobFactory@6852c3d2
2024-07-31 16:06:13.678 [main] INFO  o.s.s.c.a.a.c.InitializeAuthenticationProviderBeanManagerConfigurer$InitializeAuthenticationProviderManagerConfigurer - Found 3 AuthenticationProvider beans, with names [daoAuthenticationProvider, mobileAuthenticationProvider, thirdAuthenticationProvider]. Global Authentication Manager will not be configured with AuthenticationProviders. Consider publishing a single AuthenticationProvider bean, or wiring your Providers directly using the DSL.
2024-07-31 16:06:13.679 [main] INFO  o.s.s.c.a.a.c.InitializeUserDetailsBeanManagerConfigurer$InitializeUserDetailsManagerConfigurer - Global AuthenticationManager configured with UserDetailsService bean with name userDetailsServiceImpl
2024-07-31 16:06:14.435 [main] INFO  o.s.b.actuate.endpoint.web.EndpointLinksResolver - Exposing 1 endpoint beneath base path '/actuator'
2024-07-31 16:06:15.046 [main] INFO  com.fhs.common.spring.SpringContextUtil - ------SpringContextUtil setApplicationContext-------
2024-07-31 16:06:16.447 [main] INFO  o.s.boot.web.embedded.tomcat.TomcatWebServer - Tomcat started on port 8080 (http) with context path '/'
2024-07-31 16:06:16.450 [main] INFO  o.s.scheduling.quartz.SchedulerFactoryBean - Will start Quartz Scheduler [MakuScheduler] in 10 seconds
2024-07-31 16:06:16.465 [main] INFO  net.maku.ServerApplication - Started ServerApplication in 103.02 seconds (process running for 111.847)
2024-07-31 16:06:16.634 [SpringApplicationShutdownHook] INFO  o.s.scheduling.quartz.SchedulerFactoryBean - Shutting down Quartz Scheduler
2024-07-31 16:06:16.634 [SpringApplicationShutdownHook] INFO  org.quartz.core.QuartzScheduler - Scheduler MakuScheduler_$_LanJing1722413170614 shutting down.
2024-07-31 16:06:16.634 [SpringApplicationShutdownHook] INFO  org.quartz.core.QuartzScheduler - Scheduler MakuScheduler_$_LanJing1722413170614 paused.
2024-07-31 16:06:16.634 [SpringApplicationShutdownHook] INFO  org.quartz.core.QuartzScheduler - Scheduler MakuScheduler_$_LanJing1722413170614 shutdown complete.
2024-07-31 16:06:16.638 [SpringApplicationShutdownHook] INFO  c.b.dynamic.datasource.DynamicRoutingDataSource - dynamic-datasource start closing ....
2024-07-31 16:06:16.639 [SpringApplicationShutdownHook] INFO  com.zaxxer.hikari.HikariDataSource - master - Shutdown initiated...
2024-07-31 16:06:16.679 [SpringApplicationShutdownHook] INFO  com.zaxxer.hikari.HikariDataSource - master - Shutdown completed.
2024-07-31 16:06:16.679 [SpringApplicationShutdownHook] INFO  c.b.dynamic.datasource.DynamicRoutingDataSource - dynamic-datasource all closed success,bye
2024-07-31 16:06:21.904 [background-preinit] INFO  org.hibernate.validator.internal.util.Version - HV000001: Hibernate Validator 8.0.1.Final
2024-07-31 16:06:22.010 [main] INFO  net.maku.ServerApplication - Starting ServerApplication using Java 17.0.10 with PID 50528 (D:\web_lsz\maku-boot-master\maku-boot-master\maku-server\target\classes started by LanJing in D:\web_lsz\maku-boot-master)
2024-07-31 16:06:22.012 [main] INFO  net.maku.ServerApplication - The following 1 profile is active: "dev"
2024-07-31 16:06:24.443 [main] INFO  o.s.d.r.config.RepositoryConfigurationDelegate - Multiple Spring Data modules found, entering strict repository configuration mode
2024-07-31 16:06:24.447 [main] INFO  o.s.d.r.config.RepositoryConfigurationDelegate - Bootstrapping Spring Data Redis repositories in DEFAULT mode.
2024-07-31 16:06:24.553 [main] INFO  o.s.d.r.config.RepositoryConfigurationDelegate - Finished Spring Data repository scanning in 80 ms. Found 0 Redis repository interfaces.
2024-07-31 16:06:26.369 [main] INFO  o.s.boot.web.embedded.tomcat.TomcatWebServer - Tomcat initialized with port 8080 (http)
2024-07-31 16:06:26.385 [main] INFO  org.apache.coyote.http11.Http11NioProtocol - Initializing ProtocolHandler ["http-nio-8080"]
2024-07-31 16:06:26.386 [main] INFO  org.apache.catalina.core.StandardService - Starting service [Tomcat]
2024-07-31 16:06:26.387 [main] INFO  org.apache.catalina.core.StandardEngine - Starting Servlet engine: [Apache Tomcat/10.1.25]
2024-07-31 16:06:26.549 [main] INFO  o.a.c.core.ContainerBase.[Tomcat].[localhost].[/] - Initializing Spring embedded WebApplicationContext
2024-07-31 16:06:26.549 [main] INFO  o.s.b.w.s.c.ServletWebServerApplicationContext - Root WebApplicationContext: initialization completed in 4470 ms
2024-07-31 16:06:26.871 [main] INFO  org.redisson.Version - Redisson 3.21.3
2024-07-31 16:06:27.265 [redisson-netty-2-5] INFO  o.r.connection.pool.MasterPubSubConnectionPool - 1 connections initialized for localhost/127.0.0.1:6379
2024-07-31 16:06:27.488 [redisson-netty-2-20] INFO  org.redisson.connection.pool.MasterConnectionPool - 24 connections initialized for localhost/127.0.0.1:6379
2024-07-31 16:06:27.862 [main] INFO  com.zaxxer.hikari.HikariDataSource - master - Starting...
2024-07-31 16:06:28.339 [main] INFO  com.zaxxer.hikari.pool.HikariPool - master - Added connection com.mysql.cj.jdbc.ConnectionImpl@2e10f765
2024-07-31 16:06:28.341 [main] INFO  com.zaxxer.hikari.HikariDataSource - master - Start completed.
2024-07-31 16:06:28.342 [main] INFO  c.b.dynamic.datasource.DynamicRoutingDataSource - dynamic-datasource - add a datasource named [master] success
2024-07-31 16:06:28.342 [main] INFO  c.b.dynamic.datasource.DynamicRoutingDataSource - dynamic-datasource initial loaded [1] datasource,primary datasource named [master]
2024-07-31 16:06:39.442 [main] INFO  org.quartz.impl.StdSchedulerFactory - Using default implementation for ThreadExecutor
2024-07-31 16:06:39.461 [main] INFO  org.quartz.core.SchedulerSignalerImpl - Initialized Scheduler Signaller of type: class org.quartz.core.SchedulerSignalerImpl
2024-07-31 16:06:39.462 [main] INFO  org.quartz.core.QuartzScheduler - Quartz Scheduler v.2.3.2 created.
2024-07-31 16:06:39.466 [main] INFO  o.s.scheduling.quartz.LocalDataSourceJobStore - Using db table-based data access locking (synchronization).
2024-07-31 16:06:39.469 [main] INFO  o.s.scheduling.quartz.LocalDataSourceJobStore - JobStoreCMT initialized.
2024-07-31 16:06:39.471 [main] INFO  org.quartz.core.QuartzScheduler - Scheduler meta-data: Quartz Scheduler (v2.3.2) 'MakuScheduler' with instanceId 'LanJing1722413199446'
  Scheduler class: 'org.quartz.core.QuartzScheduler' - running locally.
  NOT STARTED.
  Currently in standby mode.
  Number of jobs executed: 0
  Using thread pool 'org.quartz.simpl.SimpleThreadPool' - with 20 threads.
  Using job-store 'org.springframework.scheduling.quartz.LocalDataSourceJobStore' - which supports persistence. and is clustered.

2024-07-31 16:06:39.472 [main] INFO  org.quartz.impl.StdSchedulerFactory - Quartz scheduler 'MakuScheduler' initialized from an externally provided properties instance.
2024-07-31 16:06:39.472 [main] INFO  org.quartz.impl.StdSchedulerFactory - Quartz scheduler version: 2.3.2
2024-07-31 16:06:39.474 [main] INFO  org.quartz.core.QuartzScheduler - JobFactory set to: org.springframework.scheduling.quartz.AdaptableJobFactory@280d20fb
2024-07-31 16:06:41.869 [main] INFO  o.s.s.c.a.a.c.InitializeAuthenticationProviderBeanManagerConfigurer$InitializeAuthenticationProviderManagerConfigurer - Found 3 AuthenticationProvider beans, with names [daoAuthenticationProvider, mobileAuthenticationProvider, thirdAuthenticationProvider]. Global Authentication Manager will not be configured with AuthenticationProviders. Consider publishing a single AuthenticationProvider bean, or wiring your Providers directly using the DSL.
2024-07-31 16:06:41.870 [main] INFO  o.s.s.c.a.a.c.InitializeUserDetailsBeanManagerConfigurer$InitializeUserDetailsManagerConfigurer - Global AuthenticationManager configured with UserDetailsService bean with name userDetailsServiceImpl
2024-07-31 16:06:42.395 [main] INFO  o.s.b.actuate.endpoint.web.EndpointLinksResolver - Exposing 1 endpoint beneath base path '/actuator'
2024-07-31 16:06:42.870 [main] INFO  com.fhs.common.spring.SpringContextUtil - ------SpringContextUtil setApplicationContext-------
2024-07-31 16:06:44.100 [main] INFO  org.apache.coyote.http11.Http11NioProtocol - Starting ProtocolHandler ["http-nio-8080"]
2024-07-31 16:06:44.112 [main] INFO  o.s.boot.web.embedded.tomcat.TomcatWebServer - Tomcat started on port 8080 (http) with context path '/'
2024-07-31 16:06:44.114 [main] INFO  o.s.scheduling.quartz.SchedulerFactoryBean - Will start Quartz Scheduler [MakuScheduler] in 10 seconds
2024-07-31 16:06:44.130 [main] INFO  net.maku.ServerApplication - Started ServerApplication in 23.049 seconds (process running for 24.484)
2024-07-31 16:06:44.698 [RMI TCP Connection(6)-192.168.13.2] INFO  o.a.c.core.ContainerBase.[Tomcat].[localhost].[/] - Initializing Spring DispatcherServlet 'dispatcherServlet'
2024-07-31 16:06:44.698 [RMI TCP Connection(6)-192.168.13.2] INFO  org.springframework.web.servlet.DispatcherServlet - Initializing Servlet 'dispatcherServlet'
2024-07-31 16:06:44.701 [RMI TCP Connection(6)-192.168.13.2] INFO  org.springframework.web.servlet.DispatcherServlet - Completed initialization in 3 ms
2024-07-31 16:09:02.674 [Quartz Scheduler [MakuScheduler]] INFO  o.s.scheduling.quartz.SchedulerFactoryBean - Starting Quartz Scheduler now, after delay of 10 seconds
2024-07-31 16:09:05.423 [Quartz Scheduler [MakuScheduler]] INFO  o.s.scheduling.quartz.LocalDataSourceJobStore - ClusterManager: detected 1 failed or restarted instances.
2024-07-31 16:09:05.423 [Quartz Scheduler [MakuScheduler]] INFO  o.s.scheduling.quartz.LocalDataSourceJobStore - ClusterManager: Scanning for instance "LanJing1721964053711"'s failed in-progress jobs.
2024-07-31 16:09:05.485 [Quartz Scheduler [MakuScheduler]] INFO  org.quartz.core.QuartzScheduler - Scheduler MakuScheduler_$_LanJing1722413199446 started.
