2024-08-01 17:00:13.031 [background-preinit] INFO  org.hibernate.validator.internal.util.Version - HV000001: Hibernate Validator 8.0.1.Final
2024-08-01 17:00:13.195 [main] INFO  net.maku.ServerApplication - Starting ServerApplication using Java 17.0.10 with PID 49072 (D:\web_lsz\maku-boot-master\maku-boot-master\maku-server\target\classes started by LanJing in D:\web_lsz\maku-boot-master)
2024-08-01 17:00:13.198 [main] INFO  net.maku.ServerApplication - The following 1 profile is active: "dev"
2024-08-01 17:00:19.668 [main] INFO  o.s.d.r.config.RepositoryConfigurationDelegate - Multiple Spring Data modules found, entering strict repository configuration mode
2024-08-01 17:00:19.672 [main] INFO  o.s.d.r.config.RepositoryConfigurationDelegate - Bootstrapping Spring Data Redis repositories in DEFAULT mode.
2024-08-01 17:00:19.845 [main] INFO  o.s.d.r.config.RepositoryConfigurationDelegate - Finished Spring Data repository scanning in 151 ms. Found 0 Redis repository interfaces.
2024-08-01 17:00:22.299 [main] INFO  o.s.boot.web.embedded.tomcat.TomcatWebServer - Tomcat initialized with port 8080 (http)
2024-08-01 17:00:22.315 [main] INFO  org.apache.coyote.http11.Http11NioProtocol - Initializing ProtocolHandler ["http-nio-8080"]
2024-08-01 17:00:22.316 [main] INFO  org.apache.catalina.core.StandardService - Starting service [Tomcat]
2024-08-01 17:00:22.317 [main] INFO  org.apache.catalina.core.StandardEngine - Starting Servlet engine: [Apache Tomcat/10.1.25]
2024-08-01 17:00:22.517 [main] INFO  o.a.c.core.ContainerBase.[Tomcat].[localhost].[/] - Initializing Spring embedded WebApplicationContext
2024-08-01 17:00:22.517 [main] INFO  o.s.b.w.s.c.ServletWebServerApplicationContext - Root WebApplicationContext: initialization completed in 9209 ms
2024-08-01 17:00:22.976 [main] INFO  org.redisson.Version - Redisson 3.21.3
2024-08-01 17:00:23.643 [redisson-netty-2-5] INFO  o.r.connection.pool.MasterPubSubConnectionPool - 1 connections initialized for localhost/127.0.0.1:6379
2024-08-01 17:00:23.877 [redisson-netty-2-20] INFO  org.redisson.connection.pool.MasterConnectionPool - 24 connections initialized for localhost/127.0.0.1:6379
2024-08-01 17:00:24.501 [main] INFO  com.zaxxer.hikari.HikariDataSource - master - Starting...
2024-08-01 17:00:26.332 [main] INFO  com.zaxxer.hikari.pool.HikariPool - master - Added connection com.mysql.cj.jdbc.ConnectionImpl@6d76aa05
2024-08-01 17:00:26.334 [main] INFO  com.zaxxer.hikari.HikariDataSource - master - Start completed.
2024-08-01 17:00:26.334 [main] INFO  c.b.dynamic.datasource.DynamicRoutingDataSource - dynamic-datasource - add a datasource named [master] success
2024-08-01 17:00:26.334 [main] INFO  c.b.dynamic.datasource.DynamicRoutingDataSource - dynamic-datasource initial loaded [1] datasource,primary datasource named [master]
2024-08-01 17:00:35.108 [main] INFO  org.quartz.impl.StdSchedulerFactory - Using default implementation for ThreadExecutor
2024-08-01 17:00:35.137 [main] INFO  org.quartz.core.SchedulerSignalerImpl - Initialized Scheduler Signaller of type: class org.quartz.core.SchedulerSignalerImpl
2024-08-01 17:00:35.137 [main] INFO  org.quartz.core.QuartzScheduler - Quartz Scheduler v.2.3.2 created.
2024-08-01 17:00:35.142 [main] INFO  o.s.scheduling.quartz.LocalDataSourceJobStore - Using db table-based data access locking (synchronization).
2024-08-01 17:00:35.149 [main] INFO  o.s.scheduling.quartz.LocalDataSourceJobStore - JobStoreCMT initialized.
2024-08-01 17:00:35.152 [main] INFO  org.quartz.core.QuartzScheduler - Scheduler meta-data: Quartz Scheduler (v2.3.2) 'MakuScheduler' with instanceId 'LanJing1722502835113'
  Scheduler class: 'org.quartz.core.QuartzScheduler' - running locally.
  NOT STARTED.
  Currently in standby mode.
  Number of jobs executed: 0
  Using thread pool 'org.quartz.simpl.SimpleThreadPool' - with 20 threads.
  Using job-store 'org.springframework.scheduling.quartz.LocalDataSourceJobStore' - which supports persistence. and is clustered.

2024-08-01 17:00:35.152 [main] INFO  org.quartz.impl.StdSchedulerFactory - Quartz scheduler 'MakuScheduler' initialized from an externally provided properties instance.
2024-08-01 17:00:35.152 [main] INFO  org.quartz.impl.StdSchedulerFactory - Quartz scheduler version: 2.3.2
2024-08-01 17:00:35.156 [main] INFO  org.quartz.core.QuartzScheduler - JobFactory set to: org.springframework.scheduling.quartz.AdaptableJobFactory@7d2c9b65
2024-08-01 17:00:38.066 [main] INFO  o.s.s.c.a.a.c.InitializeAuthenticationProviderBeanManagerConfigurer$InitializeAuthenticationProviderManagerConfigurer - Found 3 AuthenticationProvider beans, with names [daoAuthenticationProvider, mobileAuthenticationProvider, thirdAuthenticationProvider]. Global Authentication Manager will not be configured with AuthenticationProviders. Consider publishing a single AuthenticationProvider bean, or wiring your Providers directly using the DSL.
2024-08-01 17:00:38.068 [main] INFO  o.s.s.c.a.a.c.InitializeUserDetailsBeanManagerConfigurer$InitializeUserDetailsManagerConfigurer - Global AuthenticationManager configured with UserDetailsService bean with name userDetailsServiceImpl
2024-08-01 17:00:38.814 [main] INFO  o.s.b.actuate.endpoint.web.EndpointLinksResolver - Exposing 1 endpoint beneath base path '/actuator'
2024-08-01 17:00:39.388 [main] INFO  com.fhs.common.spring.SpringContextUtil - ------SpringContextUtil setApplicationContext-------
2024-08-01 17:00:41.085 [main] INFO  org.apache.coyote.http11.Http11NioProtocol - Starting ProtocolHandler ["http-nio-8080"]
2024-08-01 17:00:41.103 [main] INFO  o.s.boot.web.embedded.tomcat.TomcatWebServer - Tomcat started on port 8080 (http) with context path '/'
2024-08-01 17:00:41.104 [main] INFO  o.s.scheduling.quartz.SchedulerFactoryBean - Will start Quartz Scheduler [MakuScheduler] in 10 seconds
2024-08-01 17:00:41.118 [main] INFO  net.maku.ServerApplication - Started ServerApplication in 29.151 seconds (process running for 36.768)
2024-08-01 17:00:51.119 [Quartz Scheduler [MakuScheduler]] INFO  o.s.scheduling.quartz.SchedulerFactoryBean - Starting Quartz Scheduler now, after delay of 10 seconds
2024-08-01 17:00:51.175 [Quartz Scheduler [MakuScheduler]] INFO  o.s.scheduling.quartz.LocalDataSourceJobStore - ClusterManager: detected 1 failed or restarted instances.
2024-08-01 17:00:51.175 [Quartz Scheduler [MakuScheduler]] INFO  o.s.scheduling.quartz.LocalDataSourceJobStore - ClusterManager: Scanning for instance "LanJing1722413199446"'s failed in-progress jobs.
2024-08-01 17:00:51.222 [Quartz Scheduler [MakuScheduler]] INFO  org.quartz.core.QuartzScheduler - Scheduler MakuScheduler_$_LanJing1722502835113 started.
2024-08-01 17:06:48.730 [http-nio-8080-exec-1] INFO  o.a.c.core.ContainerBase.[Tomcat].[localhost].[/] - Initializing Spring DispatcherServlet 'dispatcherServlet'
2024-08-01 17:06:48.731 [http-nio-8080-exec-1] INFO  org.springframework.web.servlet.DispatcherServlet - Initializing Servlet 'dispatcherServlet'
2024-08-01 17:06:48.733 [http-nio-8080-exec-1] INFO  org.springframework.web.servlet.DispatcherServlet - Completed initialization in 2 ms
2024-08-01 17:07:37.713 [http-nio-8080-exec-7] INFO  org.springdoc.api.AbstractOpenApiResource - Init duration for springdoc-openapi is: 1182 ms
